{"/Users/myatsumon/personal/hotel-booking-management/server/controllers/booking.ts": {"path":"/Users/myatsumon/personal/hotel-booking-management/server/controllers/booking.ts","statementMap":{"0":{"start":{"line":2,"column":0},"end":{"line":2,"column":55}},"1":{"start":{"line":3,"column":0},"end":{"line":3,"column":44}},"2":{"start":{"line":4,"column":0},"end":{"line":4,"column":38}},"3":{"start":{"line":5,"column":0},"end":{"line":5,"column":51}},"4":{"start":{"line":7,"column":0},"end":{"line":7,"column":42}},"5":{"start":{"line":8,"column":0},"end":{"line":8,"column":49}},"6":{"start":{"line":9,"column":0},"end":{"line":9,"column":null}},"7":{"start":{"line":14,"column":34},"end":{"line":14,"column":38}},"8":{"start":{"line":16,"column":37},"end":{"line":30,"column":2}},"9":{"start":{"line":16,"column":61},"end":{"line":30,"column":2}},"10":{"start":{"line":17,"column":2},"end":{"line":17,"column":22}},"11":{"start":{"line":17,"column":13},"end":{"line":17,"column":22}},"12":{"start":{"line":19,"column":2},"end":{"line":19,"column":39}},"13":{"start":{"line":21,"column":25},"end":{"line":23,"column":11}},"14":{"start":{"line":25,"column":2},"end":{"line":27,"column":3}},"15":{"start":{"line":26,"column":4},"end":{"line":26,"column":79}},"16":{"start":{"line":29,"column":2},"end":{"line":29,"column":11}},"17":{"start":{"line":32,"column":25},"end":{"line":42,"column":2}},"18":{"start":{"line":32,"column":49},"end":{"line":42,"column":2}},"19":{"start":{"line":33,"column":25},"end":{"line":33,"column":51}},"20":{"start":{"line":35,"column":2},"end":{"line":35,"column":35}},"21":{"start":{"line":35,"column":23},"end":{"line":35,"column":35}},"22":{"start":{"line":37,"column":2},"end":{"line":41,"column":5}},"23":{"start":{"line":44,"column":13},"end":{"line":130,"column":2}},"24":{"start":{"line":45,"column":46},"end":{"line":129,"column":null}},"25":{"start":{"line":55,"column":8},"end":{"line":55,"column":20}},"26":{"start":{"line":57,"column":24},"end":{"line":62,"column":6}},"27":{"start":{"line":64,"column":4},"end":{"line":66,"column":5}},"28":{"start":{"line":65,"column":6},"end":{"line":65,"column":73}},"29":{"start":{"line":68,"column":17},"end":{"line":68,"column":51}},"30":{"start":{"line":69,"column":27},"end":{"line":69,"column":47}},"31":{"start":{"line":70,"column":35},"end":{"line":70,"column":69}},"32":{"start":{"line":71,"column":26},"end":{"line":73,"column":12}},"33":{"start":{"line":75,"column":4},"end":{"line":77,"column":5}},"34":{"start":{"line":76,"column":6},"end":{"line":76,"column":48}},"35":{"start":{"line":79,"column":28},"end":{"line":83,"column":11}},"36":{"start":{"line":85,"column":17},"end":{"line":85,"column":40}},"37":{"start":{"line":86,"column":16},"end":{"line":86,"column":27}},"38":{"start":{"line":87,"column":21},"end":{"line":87,"column":43}},"39":{"start":{"line":88,"column":18},"end":{"line":88,"column":39}},"40":{"start":{"line":90,"column":29},"end":{"line":105,"column":6}},"41":{"start":{"line":107,"column":4},"end":{"line":109,"column":5}},"42":{"start":{"line":108,"column":6},"end":{"line":108,"column":50}},"43":{"start":{"line":111,"column":4},"end":{"line":114,"column":5}},"44":{"start":{"line":112,"column":6},"end":{"line":112,"column":56}},"45":{"start":{"line":113,"column":6},"end":{"line":113,"column":52}},"46":{"start":{"line":116,"column":23},"end":{"line":116,"column":56}},"47":{"start":{"line":118,"column":4},"end":{"line":122,"column":5}},"48":{"start":{"line":119,"column":6},"end":{"line":121,"column":9}},"49":{"start":{"line":124,"column":4},"end":{"line":126,"column":7}},"50":{"start":{"line":128,"column":4},"end":{"line":128,"column":22}},"51":{"start":{"line":132,"column":13},"end":{"line":146,"column":2}},"52":{"start":{"line":133,"column":43},"end":{"line":145,"column":null}},"53":{"start":{"line":134,"column":20},"end":{"line":134,"column":70}},"54":{"start":{"line":136,"column":4},"end":{"line":138,"column":5}},"55":{"start":{"line":137,"column":6},"end":{"line":137,"column":52}},"56":{"start":{"line":140,"column":4},"end":{"line":142,"column":5}},"57":{"start":{"line":141,"column":6},"end":{"line":141,"column":74}},"58":{"start":{"line":144,"column":4},"end":{"line":144,"column":19}},"59":{"start":{"line":148,"column":13},"end":{"line":175,"column":2}},"60":{"start":{"line":153,"column":6},"end":{"line":174,"column":null}},"61":{"start":{"line":154,"column":20},"end":{"line":154,"column":70}},"62":{"start":{"line":156,"column":4},"end":{"line":158,"column":5}},"63":{"start":{"line":157,"column":6},"end":{"line":157,"column":52}},"64":{"start":{"line":160,"column":4},"end":{"line":162,"column":5}},"65":{"start":{"line":161,"column":6},"end":{"line":161,"column":74}},"66":{"start":{"line":164,"column":4},"end":{"line":164,"column":30}},"67":{"start":{"line":166,"column":4},"end":{"line":169,"column":5}},"68":{"start":{"line":167,"column":6},"end":{"line":167,"column":42}},"69":{"start":{"line":168,"column":6},"end":{"line":168,"column":35}},"70":{"start":{"line":171,"column":4},"end":{"line":171,"column":25}},"71":{"start":{"line":173,"column":4},"end":{"line":173,"column":16}},"72":{"start":{"line":177,"column":13},"end":{"line":220,"column":2}},"73":{"start":{"line":178,"column":71},"end":{"line":219,"column":null}},"74":{"start":{"line":179,"column":20},"end":{"line":179,"column":70}},"75":{"start":{"line":181,"column":4},"end":{"line":183,"column":5}},"76":{"start":{"line":182,"column":6},"end":{"line":182,"column":51}},"77":{"start":{"line":185,"column":20},"end":{"line":185,"column":48}},"78":{"start":{"line":186,"column":20},"end":{"line":186,"column":55}},"79":{"start":{"line":188,"column":4},"end":{"line":190,"column":5}},"80":{"start":{"line":189,"column":6},"end":{"line":189,"column":76}},"81":{"start":{"line":192,"column":4},"end":{"line":194,"column":5}},"82":{"start":{"line":193,"column":6},"end":{"line":193,"column":54}},"83":{"start":{"line":196,"column":4},"end":{"line":198,"column":5}},"84":{"start":{"line":197,"column":6},"end":{"line":197,"column":67}},"85":{"start":{"line":200,"column":4},"end":{"line":206,"column":5}},"86":{"start":{"line":205,"column":6},"end":{"line":205,"column":42}},"87":{"start":{"line":208,"column":4},"end":{"line":208,"column":33}},"88":{"start":{"line":209,"column":4},"end":{"line":209,"column":37}},"89":{"start":{"line":210,"column":4},"end":{"line":210,"column":46}},"90":{"start":{"line":210,"column":16},"end":{"line":210,"column":46}},"91":{"start":{"line":212,"column":4},"end":{"line":212,"column":25}},"92":{"start":{"line":214,"column":4},"end":{"line":216,"column":7}},"93":{"start":{"line":218,"column":4},"end":{"line":218,"column":19}},"94":{"start":{"line":222,"column":13},"end":{"line":246,"column":3}},"95":{"start":{"line":222,"column":72},"end":{"line":246,"column":2}},"96":{"start":{"line":223,"column":19},"end":{"line":226,"column":4}},"97":{"start":{"line":228,"column":22},"end":{"line":243,"column":4}},"98":{"start":{"line":229,"column":22},"end":{"line":229,"column":49}},"99":{"start":{"line":230,"column":20},"end":{"line":230,"column":45}},"100":{"start":{"line":232,"column":18},"end":{"line":232,"column":20}},"101":{"start":{"line":234,"column":4},"end":{"line":240,"column":5}},"102":{"start":{"line":235,"column":17},"end":{"line":235,"column":36}},"103":{"start":{"line":239,"column":6},"end":{"line":239,"column":33}},"104":{"start":{"line":242,"column":4},"end":{"line":242,"column":17}},"105":{"start":{"line":245,"column":2},"end":{"line":245,"column":21}},"106":{"start":{"line":248,"column":13},"end":{"line":272,"column":3}},"107":{"start":{"line":248,"column":70},"end":{"line":272,"column":2}},"108":{"start":{"line":249,"column":19},"end":{"line":251,"column":28}},"109":{"start":{"line":253,"column":24},"end":{"line":253,"column":39}},"110":{"start":{"line":255,"column":25},"end":{"line":257,"column":null}},"111":{"start":{"line":257,"column":6},"end":{"line":257,"column":null}},"112":{"start":{"line":260,"column":20},"end":{"line":262,"column":7}},"113":{"start":{"line":261,"column":4},"end":{"line":261,"column":47}},"114":{"start":{"line":264,"column":2},"end":{"line":271,"column":4}},"115":{"start":{"line":274,"column":20},"end":{"line":498,"column":2}},"116":{"start":{"line":274,"column":74},"end":{"line":498,"column":2}},"117":{"start":{"line":275,"column":24},"end":{"line":417,"column":4}},"118":{"start":{"line":429,"column":6},"end":{"line":429,"column":22}},"119":{"start":{"line":431,"column":19},"end":{"line":431,"column":28}},"120":{"start":{"line":432,"column":19},"end":{"line":432,"column":20}},"121":{"start":{"line":433,"column":22},"end":{"line":433,"column":23}},"122":{"start":{"line":435,"column":2},"end":{"line":443,"column":5}},"123":{"start":{"line":436,"column":17},"end":{"line":436,"column":32}},"124":{"start":{"line":437,"column":18},"end":{"line":437,"column":39}},"125":{"start":{"line":438,"column":21},"end":{"line":438,"column":45}},"126":{"start":{"line":440,"column":4},"end":{"line":440,"column":44}},"127":{"start":{"line":441,"column":4},"end":{"line":441,"column":24}},"128":{"start":{"line":442,"column":4},"end":{"line":442,"column":30}},"129":{"start":{"line":446,"column":20},"end":{"line":446,"column":39}},"130":{"start":{"line":447,"column":25},"end":{"line":447,"column":27}},"131":{"start":{"line":449,"column":2},"end":{"line":472,"column":3}},"132":{"start":{"line":465,"column":17},"end":{"line":465,"column":56}},"133":{"start":{"line":466,"column":4},"end":{"line":470,"column":7}},"134":{"start":{"line":471,"column":4},"end":{"line":471,"column":51}},"135":{"start":{"line":474,"column":29},"end":{"line":474,"column":76}},"136":{"start":{"line":475,"column":30},"end":{"line":475,"column":71}},"137":{"start":{"line":476,"column":25},"end":{"line":476,"column":68}},"138":{"start":{"line":478,"column":4},"end":{"line":478,"column":63}},"139":{"start":{"line":480,"column":4},"end":{"line":480,"column":63}},"140":{"start":{"line":481,"column":27},"end":{"line":481,"column":69}},"141":{"start":{"line":482,"column":30},"end":{"line":482,"column":76}},"142":{"start":{"line":484,"column":2},"end":{"line":497,"column":4}},"143":{"start":{"line":500,"column":13},"end":{"line":507,"column":3}},"144":{"start":{"line":500,"column":54},"end":{"line":507,"column":2}},"145":{"start":{"line":501,"column":19},"end":{"line":505,"column":28}},"146":{"start":{"line":506,"column":2},"end":{"line":506,"column":18}},"147":{"start":{"line":509,"column":13},"end":{"line":547,"column":2}},"148":{"start":{"line":510,"column":43},"end":{"line":546,"column":null}},"149":{"start":{"line":511,"column":4},"end":{"line":511,"column":36}},"150":{"start":{"line":512,"column":4},"end":{"line":512,"column":32}},"151":{"start":{"line":514,"column":4},"end":{"line":514,"column":38}},"152":{"start":{"line":515,"column":4},"end":{"line":515,"column":41}},"153":{"start":{"line":530,"column":8},"end":{"line":530,"column":45}},"154":{"start":{"line":532,"column":4},"end":{"line":545,"column":6}}},"fnMap":{"0":{"name":"(anonymous_8)","decl":{"start":{"line":16,"column":37},"end":{"line":16,"column":44}},"loc":{"start":{"line":16,"column":61},"end":{"line":30,"column":2}}},"1":{"name":"(anonymous_9)","decl":{"start":{"line":16,"column":61},"end":{"line":16,"column":null}},"loc":{"start":{"line":16,"column":61},"end":{"line":30,"column":1}}},"2":{"name":"(anonymous_10)","decl":{"start":{"line":32,"column":25},"end":{"line":32,"column":32}},"loc":{"start":{"line":32,"column":49},"end":{"line":42,"column":2}}},"3":{"name":"(anonymous_11)","decl":{"start":{"line":32,"column":49},"end":{"line":32,"column":null}},"loc":{"start":{"line":32,"column":49},"end":{"line":42,"column":1}}},"4":{"name":"(anonymous_12)","decl":{"start":{"line":45,"column":2},"end":{"line":45,"column":9}},"loc":{"start":{"line":45,"column":46},"end":{"line":129,"column":null}}},"5":{"name":"(anonymous_13)","decl":{"start":{"line":45,"column":46},"end":{"line":45,"column":null}},"loc":{"start":{"line":45,"column":46},"end":{"line":129,"column":3}}},"6":{"name":"(anonymous_14)","decl":{"start":{"line":133,"column":2},"end":{"line":133,"column":9}},"loc":{"start":{"line":133,"column":43},"end":{"line":145,"column":null}}},"7":{"name":"(anonymous_15)","decl":{"start":{"line":133,"column":43},"end":{"line":133,"column":null}},"loc":{"start":{"line":133,"column":43},"end":{"line":145,"column":3}}},"8":{"name":"(anonymous_16)","decl":{"start":{"line":149,"column":2},"end":{"line":149,"column":null}},"loc":{"start":{"line":153,"column":6},"end":{"line":174,"column":null}}},"9":{"name":"(anonymous_17)","decl":{"start":{"line":153,"column":6},"end":{"line":153,"column":null}},"loc":{"start":{"line":153,"column":6},"end":{"line":174,"column":3}}},"10":{"name":"(anonymous_18)","decl":{"start":{"line":178,"column":2},"end":{"line":178,"column":9}},"loc":{"start":{"line":178,"column":71},"end":{"line":219,"column":null}}},"11":{"name":"(anonymous_19)","decl":{"start":{"line":178,"column":71},"end":{"line":178,"column":null}},"loc":{"start":{"line":178,"column":71},"end":{"line":219,"column":3}}},"12":{"name":"(anonymous_20)","decl":{"start":{"line":222,"column":47},"end":{"line":222,"column":54}},"loc":{"start":{"line":222,"column":72},"end":{"line":246,"column":2}}},"13":{"name":"(anonymous_21)","decl":{"start":{"line":222,"column":72},"end":{"line":222,"column":null}},"loc":{"start":{"line":222,"column":72},"end":{"line":246,"column":1}}},"14":{"name":"(anonymous_22)","decl":{"start":{"line":228,"column":39},"end":{"line":228,"column":40}},"loc":{"start":{"line":228,"column":51},"end":{"line":243,"column":3}}},"15":{"name":"(anonymous_23)","decl":{"start":{"line":248,"column":45},"end":{"line":248,"column":52}},"loc":{"start":{"line":248,"column":70},"end":{"line":272,"column":2}}},"16":{"name":"(anonymous_24)","decl":{"start":{"line":248,"column":70},"end":{"line":248,"column":null}},"loc":{"start":{"line":248,"column":70},"end":{"line":272,"column":1}}},"17":{"name":"(anonymous_25)","decl":{"start":{"line":256,"column":4},"end":{"line":256,"column":5}},"loc":{"start":{"line":256,"column":16},"end":{"line":257,"column":null}}},"18":{"name":"(anonymous_26)","decl":{"start":{"line":260,"column":42},"end":{"line":260,"column":43}},"loc":{"start":{"line":260,"column":59},"end":{"line":262,"column":3}}},"19":{"name":"(anonymous_27)","decl":{"start":{"line":274,"column":33},"end":{"line":274,"column":40}},"loc":{"start":{"line":274,"column":74},"end":{"line":498,"column":2}}},"20":{"name":"(anonymous_28)","decl":{"start":{"line":274,"column":74},"end":{"line":274,"column":null}},"loc":{"start":{"line":274,"column":74},"end":{"line":498,"column":1}}},"21":{"name":"(anonymous_29)","decl":{"start":{"line":435,"column":27},"end":{"line":435,"column":28}},"loc":{"start":{"line":435,"column":41},"end":{"line":443,"column":3}}},"22":{"name":"(anonymous_30)","decl":{"start":{"line":500,"column":43},"end":{"line":500,"column":52}},"loc":{"start":{"line":500,"column":54},"end":{"line":507,"column":2}}},"23":{"name":"(anonymous_31)","decl":{"start":{"line":500,"column":54},"end":{"line":500,"column":null}},"loc":{"start":{"line":500,"column":54},"end":{"line":507,"column":1}}},"24":{"name":"(anonymous_32)","decl":{"start":{"line":510,"column":2},"end":{"line":510,"column":9}},"loc":{"start":{"line":510,"column":43},"end":{"line":546,"column":null}}},"25":{"name":"(anonymous_33)","decl":{"start":{"line":510,"column":43},"end":{"line":510,"column":null}},"loc":{"start":{"line":510,"column":43},"end":{"line":546,"column":3}}}},"branchMap":{"0":{"loc":{"start":{"line":17,"column":2},"end":{"line":17,"column":22}},"type":"if","locations":[{"start":{"line":17,"column":2},"end":{"line":17,"column":22}},{"start":{},"end":{}}]},"1":{"loc":{"start":{"line":25,"column":2},"end":{"line":27,"column":3}},"type":"if","locations":[{"start":{"line":25,"column":2},"end":{"line":27,"column":3}},{"start":{},"end":{}}]},"2":{"loc":{"start":{"line":26,"column":11},"end":{"line":26,"column":78}},"type":"cond-expr","locations":[{"start":{"line":26,"column":35},"end":{"line":26,"column":74}},{"start":{"line":26,"column":77},"end":{"line":26,"column":78}}]},"3":{"loc":{"start":{"line":33,"column":25},"end":{"line":33,"column":51}},"type":"cond-expr","locations":[{"start":{"line":33,"column":29},"end":{"line":33,"column":31}},{"start":{"line":33,"column":25},"end":{"line":33,"column":51}}]},"4":{"loc":{"start":{"line":33,"column":25},"end":{"line":33,"column":31}},"type":"binary-expr","locations":[{"start":{"line":33,"column":25},"end":{"line":33,"column":31}},{"start":{"line":33,"column":25},"end":{"line":33,"column":31}}]},"5":{"loc":{"start":{"line":35,"column":2},"end":{"line":35,"column":35}},"type":"if","locations":[{"start":{"line":35,"column":2},"end":{"line":35,"column":35}},{"start":{},"end":{}}]},"6":{"loc":{"start":{"line":64,"column":4},"end":{"line":66,"column":5}},"type":"if","locations":[{"start":{"line":64,"column":4},"end":{"line":66,"column":5}},{"start":{},"end":{}}]},"7":{"loc":{"start":{"line":69,"column":27},"end":{"line":69,"column":47}},"type":"cond-expr","locations":[{"start":{"line":69,"column":31},"end":{"line":69,"column":33}},{"start":{"line":69,"column":27},"end":{"line":69,"column":47}}]},"8":{"loc":{"start":{"line":69,"column":27},"end":{"line":69,"column":33}},"type":"binary-expr","locations":[{"start":{"line":69,"column":27},"end":{"line":69,"column":33}},{"start":{"line":69,"column":27},"end":{"line":69,"column":33}}]},"9":{"loc":{"start":{"line":70,"column":35},"end":{"line":70,"column":69}},"type":"cond-expr","locations":[{"start":{"line":70,"column":47},"end":{"line":70,"column":49}},{"start":{"line":70,"column":35},"end":{"line":70,"column":69}}]},"10":{"loc":{"start":{"line":70,"column":35},"end":{"line":70,"column":49}},"type":"binary-expr","locations":[{"start":{"line":70,"column":35},"end":{"line":70,"column":49}},{"start":{"line":70,"column":35},"end":{"line":70,"column":49}}]},"11":{"loc":{"start":{"line":71,"column":26},"end":{"line":73,"column":12}},"type":"cond-expr","locations":[{"start":{"line":72,"column":8},"end":{"line":72,"column":54}},{"start":{"line":73,"column":8},"end":{"line":73,"column":12}}]},"12":{"loc":{"start":{"line":75,"column":4},"end":{"line":77,"column":5}},"type":"if","locations":[{"start":{"line":75,"column":4},"end":{"line":77,"column":5}},{"start":{},"end":{}}]},"13":{"loc":{"start":{"line":75,"column":8},"end":{"line":75,"column":67}},"type":"binary-expr","locations":[{"start":{"line":75,"column":8},"end":{"line":75,"column":30}},{"start":{"line":75,"column":34},"end":{"line":75,"column":49}},{"start":{"line":75,"column":53},"end":{"line":75,"column":67}}]},"14":{"loc":{"start":{"line":79,"column":28},"end":{"line":83,"column":11}},"type":"cond-expr","locations":[{"start":{"line":80,"column":8},"end":{"line":80,"column":58}},{"start":{"line":81,"column":8},"end":{"line":83,"column":11}}]},"15":{"loc":{"start":{"line":81,"column":8},"end":{"line":83,"column":11}},"type":"cond-expr","locations":[{"start":{"line":82,"column":10},"end":{"line":82,"column":35}},{"start":{"line":83,"column":10},"end":{"line":83,"column":11}}]},"16":{"loc":{"start":{"line":107,"column":4},"end":{"line":109,"column":5}},"type":"if","locations":[{"start":{"line":107,"column":4},"end":{"line":109,"column":5}},{"start":{},"end":{}}]},"17":{"loc":{"start":{"line":111,"column":4},"end":{"line":114,"column":5}},"type":"if","locations":[{"start":{"line":111,"column":4},"end":{"line":114,"column":5}},{"start":{},"end":{}}]},"18":{"loc":{"start":{"line":111,"column":8},"end":{"line":111,"column":66}},"type":"binary-expr","locations":[{"start":{"line":111,"column":8},"end":{"line":111,"column":23}},{"start":{"line":111,"column":27},"end":{"line":111,"column":40}},{"start":{"line":111,"column":44},"end":{"line":111,"column":66}}]},"19":{"loc":{"start":{"line":118,"column":4},"end":{"line":122,"column":5}},"type":"if","locations":[{"start":{"line":118,"column":4},"end":{"line":122,"column":5}},{"start":{},"end":{}}]},"20":{"loc":{"start":{"line":136,"column":4},"end":{"line":138,"column":5}},"type":"if","locations":[{"start":{"line":136,"column":4},"end":{"line":138,"column":5}},{"start":{},"end":{}}]},"21":{"loc":{"start":{"line":140,"column":4},"end":{"line":142,"column":5}},"type":"if","locations":[{"start":{"line":140,"column":4},"end":{"line":142,"column":5}},{"start":{},"end":{}}]},"22":{"loc":{"start":{"line":140,"column":8},"end":{"line":140,"column":76}},"type":"binary-expr","locations":[{"start":{"line":140,"column":8},"end":{"line":140,"column":41}},{"start":{"line":140,"column":41},"end":{"line":140,"column":76}}]},"23":{"loc":{"start":{"line":140,"column":9},"end":{"line":140,"column":37}},"type":"cond-expr","locations":[{"start":{"line":140,"column":18},"end":{"line":140,"column":20}},{"start":{"line":140,"column":18},"end":{"line":140,"column":37}}]},"24":{"loc":{"start":{"line":140,"column":9},"end":{"line":140,"column":20}},"type":"binary-expr","locations":[{"start":{"line":140,"column":9},"end":{"line":140,"column":20}},{"start":{"line":140,"column":18},"end":{"line":140,"column":20}}]},"25":{"loc":{"start":{"line":156,"column":4},"end":{"line":158,"column":5}},"type":"if","locations":[{"start":{"line":156,"column":4},"end":{"line":158,"column":5}},{"start":{},"end":{}}]},"26":{"loc":{"start":{"line":160,"column":4},"end":{"line":162,"column":5}},"type":"if","locations":[{"start":{"line":160,"column":4},"end":{"line":162,"column":5}},{"start":{},"end":{}}]},"27":{"loc":{"start":{"line":160,"column":8},"end":{"line":160,"column":76}},"type":"binary-expr","locations":[{"start":{"line":160,"column":8},"end":{"line":160,"column":41}},{"start":{"line":160,"column":41},"end":{"line":160,"column":76}}]},"28":{"loc":{"start":{"line":160,"column":9},"end":{"line":160,"column":37}},"type":"cond-expr","locations":[{"start":{"line":160,"column":18},"end":{"line":160,"column":20}},{"start":{"line":160,"column":18},"end":{"line":160,"column":37}}]},"29":{"loc":{"start":{"line":160,"column":9},"end":{"line":160,"column":20}},"type":"binary-expr","locations":[{"start":{"line":160,"column":9},"end":{"line":160,"column":20}},{"start":{"line":160,"column":18},"end":{"line":160,"column":20}}]},"30":{"loc":{"start":{"line":166,"column":4},"end":{"line":169,"column":5}},"type":"if","locations":[{"start":{"line":166,"column":4},"end":{"line":169,"column":5}},{"start":{},"end":{}}]},"31":{"loc":{"start":{"line":166,"column":8},"end":{"line":166,"column":35}},"type":"cond-expr","locations":[{"start":{"line":166,"column":27},"end":{"line":166,"column":29}},{"start":{"line":166,"column":27},"end":{"line":166,"column":35}}]},"32":{"loc":{"start":{"line":166,"column":8},"end":{"line":166,"column":29}},"type":"binary-expr","locations":[{"start":{"line":166,"column":8},"end":{"line":166,"column":29}},{"start":{"line":166,"column":27},"end":{"line":166,"column":29}}]},"33":{"loc":{"start":{"line":181,"column":4},"end":{"line":183,"column":5}},"type":"if","locations":[{"start":{"line":181,"column":4},"end":{"line":183,"column":5}},{"start":{},"end":{}}]},"34":{"loc":{"start":{"line":185,"column":20},"end":{"line":185,"column":48}},"type":"cond-expr","locations":[{"start":{"line":185,"column":29},"end":{"line":185,"column":31}},{"start":{"line":185,"column":29},"end":{"line":185,"column":48}}]},"35":{"loc":{"start":{"line":185,"column":20},"end":{"line":185,"column":31}},"type":"binary-expr","locations":[{"start":{"line":185,"column":20},"end":{"line":185,"column":31}},{"start":{"line":185,"column":29},"end":{"line":185,"column":31}}]},"36":{"loc":{"start":{"line":188,"column":4},"end":{"line":190,"column":5}},"type":"if","locations":[{"start":{"line":188,"column":4},"end":{"line":190,"column":5}},{"start":{},"end":{}}]},"37":{"loc":{"start":{"line":188,"column":8},"end":{"line":188,"column":28}},"type":"binary-expr","locations":[{"start":{"line":188,"column":8},"end":{"line":188,"column":16}},{"start":{"line":188,"column":20},"end":{"line":188,"column":28}}]},"38":{"loc":{"start":{"line":192,"column":4},"end":{"line":194,"column":5}},"type":"if","locations":[{"start":{"line":192,"column":4},"end":{"line":194,"column":5}},{"start":{},"end":{}}]},"39":{"loc":{"start":{"line":196,"column":4},"end":{"line":198,"column":5}},"type":"if","locations":[{"start":{"line":196,"column":4},"end":{"line":198,"column":5}},{"start":{},"end":{}}]},"40":{"loc":{"start":{"line":196,"column":8},"end":{"line":196,"column":61}},"type":"binary-expr","locations":[{"start":{"line":196,"column":8},"end":{"line":196,"column":16}},{"start":{"line":196,"column":20},"end":{"line":196,"column":61}}]},"41":{"loc":{"start":{"line":200,"column":4},"end":{"line":206,"column":5}},"type":"if","locations":[{"start":{"line":200,"column":4},"end":{"line":206,"column":5}},{"start":{},"end":{}}]},"42":{"loc":{"start":{"line":201,"column":6},"end":{"line":203,"column":null}},"type":"binary-expr","locations":[{"start":{"line":201,"column":6},"end":{"line":201,"column":44}},{"start":{"line":202,"column":6},"end":{"line":202,"column":44}},{"start":{"line":203,"column":6},"end":{"line":203,"column":29}}]},"43":{"loc":{"start":{"line":201,"column":6},"end":{"line":201,"column":33}},"type":"cond-expr","locations":[{"start":{"line":201,"column":25},"end":{"line":201,"column":27}},{"start":{"line":201,"column":25},"end":{"line":201,"column":33}}]},"44":{"loc":{"start":{"line":201,"column":6},"end":{"line":201,"column":27}},"type":"binary-expr","locations":[{"start":{"line":201,"column":6},"end":{"line":201,"column":27}},{"start":{"line":201,"column":25},"end":{"line":201,"column":27}}]},"45":{"loc":{"start":{"line":202,"column":6},"end":{"line":202,"column":33}},"type":"cond-expr","locations":[{"start":{"line":202,"column":25},"end":{"line":202,"column":27}},{"start":{"line":202,"column":25},"end":{"line":202,"column":33}}]},"46":{"loc":{"start":{"line":202,"column":6},"end":{"line":202,"column":27}},"type":"binary-expr","locations":[{"start":{"line":202,"column":6},"end":{"line":202,"column":27}},{"start":{"line":202,"column":25},"end":{"line":202,"column":27}}]},"47":{"loc":{"start":{"line":203,"column":6},"end":{"line":203,"column":29}},"type":"cond-expr","locations":[{"start":{"line":203,"column":25},"end":{"line":203,"column":27}},{"start":{"line":203,"column":25},"end":{"line":203,"column":29}}]},"48":{"loc":{"start":{"line":203,"column":6},"end":{"line":203,"column":27}},"type":"binary-expr","locations":[{"start":{"line":203,"column":6},"end":{"line":203,"column":27}},{"start":{"line":203,"column":25},"end":{"line":203,"column":27}}]},"49":{"loc":{"start":{"line":210,"column":4},"end":{"line":210,"column":46}},"type":"if","locations":[{"start":{"line":210,"column":4},"end":{"line":210,"column":46}},{"start":{},"end":{}}]},"50":{"loc":{"start":{"line":257,"column":6},"end":{"line":257,"column":78}},"type":"binary-expr","locations":[{"start":{"line":257,"column":6},"end":{"line":257,"column":44}},{"start":{"line":257,"column":48},"end":{"line":257,"column":78}}]},"51":{"loc":{"start":{"line":257,"column":6},"end":{"line":257,"column":33}},"type":"cond-expr","locations":[{"start":{"line":257,"column":25},"end":{"line":257,"column":27}},{"start":{"line":257,"column":25},"end":{"line":257,"column":33}}]},"52":{"loc":{"start":{"line":257,"column":6},"end":{"line":257,"column":27}},"type":"binary-expr","locations":[{"start":{"line":257,"column":6},"end":{"line":257,"column":27}},{"start":{"line":257,"column":25},"end":{"line":257,"column":27}}]},"53":{"loc":{"start":{"line":261,"column":18},"end":{"line":261,"column":45}},"type":"binary-expr","locations":[{"start":{"line":261,"column":18},"end":{"line":261,"column":40}},{"start":{"line":261,"column":44},"end":{"line":261,"column":45}}]},"54":{"loc":{"start":{"line":261,"column":18},"end":{"line":261,"column":40}},"type":"cond-expr","locations":[{"start":{"line":261,"column":33},"end":{"line":261,"column":35}},{"start":{"line":261,"column":33},"end":{"line":261,"column":40}}]},"55":{"loc":{"start":{"line":261,"column":18},"end":{"line":261,"column":35}},"type":"binary-expr","locations":[{"start":{"line":261,"column":18},"end":{"line":261,"column":35}},{"start":{"line":261,"column":33},"end":{"line":261,"column":35}}]},"56":{"loc":{"start":{"line":261,"column":18},"end":{"line":261,"column":33}},"type":"cond-expr","locations":[{"start":{"line":261,"column":25},"end":{"line":261,"column":27}},{"start":{"line":261,"column":18},"end":{"line":261,"column":33}}]},"57":{"loc":{"start":{"line":261,"column":18},"end":{"line":261,"column":27}},"type":"binary-expr","locations":[{"start":{"line":261,"column":18},"end":{"line":261,"column":27}},{"start":{"line":261,"column":18},"end":{"line":261,"column":27}}]},"58":{"loc":{"start":{"line":420,"column":15},"end":{"line":420,"column":35}},"type":"default-arg","locations":[{"start":{"line":420,"column":33},"end":{"line":420,"column":35}}]},"59":{"loc":{"start":{"line":421,"column":21},"end":{"line":421,"column":47}},"type":"default-arg","locations":[{"start":{"line":421,"column":45},"end":{"line":421,"column":47}}]},"60":{"loc":{"start":{"line":422,"column":18},"end":{"line":422,"column":41}},"type":"default-arg","locations":[{"start":{"line":422,"column":39},"end":{"line":422,"column":41}}]},"61":{"loc":{"start":{"line":423,"column":23},"end":{"line":423,"column":51}},"type":"default-arg","locations":[{"start":{"line":423,"column":49},"end":{"line":423,"column":51}}]},"62":{"loc":{"start":{"line":424,"column":16},"end":{"line":424,"column":37}},"type":"default-arg","locations":[{"start":{"line":424,"column":35},"end":{"line":424,"column":37}}]},"63":{"loc":{"start":{"line":425,"column":19},"end":{"line":425,"column":43}},"type":"default-arg","locations":[{"start":{"line":425,"column":41},"end":{"line":425,"column":43}}]},"64":{"loc":{"start":{"line":426,"column":27},"end":{"line":426,"column":59}},"type":"default-arg","locations":[{"start":{"line":426,"column":57},"end":{"line":426,"column":59}}]},"65":{"loc":{"start":{"line":427,"column":27},"end":{"line":427,"column":59}},"type":"default-arg","locations":[{"start":{"line":427,"column":57},"end":{"line":427,"column":59}}]},"66":{"loc":{"start":{"line":428,"column":21},"end":{"line":428,"column":47}},"type":"default-arg","locations":[{"start":{"line":428,"column":45},"end":{"line":428,"column":47}}]},"67":{"loc":{"start":{"line":435,"column":2},"end":{"line":443,"column":4}},"type":"cond-expr","locations":[{"start":{"line":435,"column":17},"end":{"line":435,"column":19}},{"start":{"line":435,"column":2},"end":{"line":443,"column":4}}]},"68":{"loc":{"start":{"line":435,"column":2},"end":{"line":435,"column":19}},"type":"binary-expr","locations":[{"start":{"line":435,"column":2},"end":{"line":435,"column":19}},{"start":{"line":435,"column":2},"end":{"line":435,"column":19}}]},"69":{"loc":{"start":{"line":436,"column":17},"end":{"line":436,"column":32}},"type":"cond-expr","locations":[{"start":{"line":436,"column":26},"end":{"line":436,"column":28}},{"start":{"line":436,"column":26},"end":{"line":436,"column":32}}]},"70":{"loc":{"start":{"line":436,"column":17},"end":{"line":436,"column":28}},"type":"binary-expr","locations":[{"start":{"line":436,"column":17},"end":{"line":436,"column":28}},{"start":{"line":436,"column":26},"end":{"line":436,"column":28}}]},"71":{"loc":{"start":{"line":436,"column":17},"end":{"line":436,"column":26}},"type":"cond-expr","locations":[{"start":{"line":436,"column":21},"end":{"line":436,"column":23}},{"start":{"line":436,"column":17},"end":{"line":436,"column":26}}]},"72":{"loc":{"start":{"line":436,"column":17},"end":{"line":436,"column":23}},"type":"binary-expr","locations":[{"start":{"line":436,"column":17},"end":{"line":436,"column":23}},{"start":{"line":436,"column":17},"end":{"line":436,"column":23}}]},"73":{"loc":{"start":{"line":437,"column":18},"end":{"line":437,"column":39}},"type":"binary-expr","locations":[{"start":{"line":437,"column":18},"end":{"line":437,"column":34}},{"start":{"line":437,"column":38},"end":{"line":437,"column":39}}]},"74":{"loc":{"start":{"line":437,"column":18},"end":{"line":437,"column":34}},"type":"cond-expr","locations":[{"start":{"line":437,"column":22},"end":{"line":437,"column":24}},{"start":{"line":437,"column":18},"end":{"line":437,"column":34}}]},"75":{"loc":{"start":{"line":437,"column":18},"end":{"line":437,"column":24}},"type":"binary-expr","locations":[{"start":{"line":437,"column":18},"end":{"line":437,"column":24}},{"start":{"line":437,"column":18},"end":{"line":437,"column":24}}]},"76":{"loc":{"start":{"line":438,"column":21},"end":{"line":438,"column":45}},"type":"binary-expr","locations":[{"start":{"line":438,"column":21},"end":{"line":438,"column":40}},{"start":{"line":438,"column":44},"end":{"line":438,"column":45}}]},"77":{"loc":{"start":{"line":438,"column":21},"end":{"line":438,"column":40}},"type":"cond-expr","locations":[{"start":{"line":438,"column":25},"end":{"line":438,"column":27}},{"start":{"line":438,"column":21},"end":{"line":438,"column":40}}]},"78":{"loc":{"start":{"line":438,"column":21},"end":{"line":438,"column":27}},"type":"binary-expr","locations":[{"start":{"line":438,"column":21},"end":{"line":438,"column":27}},{"start":{"line":438,"column":21},"end":{"line":438,"column":27}}]},"79":{"loc":{"start":{"line":468,"column":13},"end":{"line":468,"column":43}},"type":"binary-expr","locations":[{"start":{"line":468,"column":13},"end":{"line":468,"column":38}},{"start":{"line":468,"column":42},"end":{"line":468,"column":43}}]},"80":{"loc":{"start":{"line":468,"column":13},"end":{"line":468,"column":38}},"type":"cond-expr","locations":[{"start":{"line":468,"column":31},"end":{"line":468,"column":33}},{"start":{"line":468,"column":31},"end":{"line":468,"column":38}}]},"81":{"loc":{"start":{"line":468,"column":13},"end":{"line":468,"column":33}},"type":"binary-expr","locations":[{"start":{"line":468,"column":13},"end":{"line":468,"column":33}},{"start":{"line":468,"column":31},"end":{"line":468,"column":33}}]},"82":{"loc":{"start":{"line":469,"column":16},"end":{"line":469,"column":49}},"type":"binary-expr","locations":[{"start":{"line":469,"column":16},"end":{"line":469,"column":44}},{"start":{"line":469,"column":48},"end":{"line":469,"column":49}}]},"83":{"loc":{"start":{"line":469,"column":16},"end":{"line":469,"column":44}},"type":"cond-expr","locations":[{"start":{"line":469,"column":34},"end":{"line":469,"column":36}},{"start":{"line":469,"column":34},"end":{"line":469,"column":44}}]},"84":{"loc":{"start":{"line":469,"column":16},"end":{"line":469,"column":36}},"type":"binary-expr","locations":[{"start":{"line":469,"column":16},"end":{"line":469,"column":36}},{"start":{"line":469,"column":34},"end":{"line":469,"column":36}}]},"85":{"loc":{"start":{"line":474,"column":29},"end":{"line":474,"column":76}},"type":"binary-expr","locations":[{"start":{"line":474,"column":29},"end":{"line":474,"column":71}},{"start":{"line":474,"column":75},"end":{"line":474,"column":76}}]},"86":{"loc":{"start":{"line":474,"column":29},"end":{"line":474,"column":71}},"type":"cond-expr","locations":[{"start":{"line":474,"column":53},"end":{"line":474,"column":55}},{"start":{"line":474,"column":53},"end":{"line":474,"column":71}}]},"87":{"loc":{"start":{"line":474,"column":29},"end":{"line":474,"column":55}},"type":"binary-expr","locations":[{"start":{"line":474,"column":29},"end":{"line":474,"column":55}},{"start":{"line":474,"column":53},"end":{"line":474,"column":55}}]},"88":{"loc":{"start":{"line":475,"column":30},"end":{"line":475,"column":71}},"type":"binary-expr","locations":[{"start":{"line":475,"column":30},"end":{"line":475,"column":66}},{"start":{"line":475,"column":70},"end":{"line":475,"column":71}}]},"89":{"loc":{"start":{"line":475,"column":30},"end":{"line":475,"column":66}},"type":"cond-expr","locations":[{"start":{"line":475,"column":51},"end":{"line":475,"column":53}},{"start":{"line":475,"column":51},"end":{"line":475,"column":66}}]},"90":{"loc":{"start":{"line":475,"column":30},"end":{"line":475,"column":53}},"type":"binary-expr","locations":[{"start":{"line":475,"column":30},"end":{"line":475,"column":53}},{"start":{"line":475,"column":51},"end":{"line":475,"column":53}}]},"91":{"loc":{"start":{"line":476,"column":25},"end":{"line":476,"column":68}},"type":"binary-expr","locations":[{"start":{"line":476,"column":25},"end":{"line":476,"column":63}},{"start":{"line":476,"column":67},"end":{"line":476,"column":68}}]},"92":{"loc":{"start":{"line":476,"column":25},"end":{"line":476,"column":63}},"type":"cond-expr","locations":[{"start":{"line":476,"column":47},"end":{"line":476,"column":49}},{"start":{"line":476,"column":47},"end":{"line":476,"column":63}}]},"93":{"loc":{"start":{"line":476,"column":25},"end":{"line":476,"column":49}},"type":"binary-expr","locations":[{"start":{"line":476,"column":25},"end":{"line":476,"column":49}},{"start":{"line":476,"column":47},"end":{"line":476,"column":49}}]},"94":{"loc":{"start":{"line":478,"column":4},"end":{"line":478,"column":63}},"type":"binary-expr","locations":[{"start":{"line":478,"column":4},"end":{"line":478,"column":58}},{"start":{"line":478,"column":62},"end":{"line":478,"column":63}}]},"95":{"loc":{"start":{"line":478,"column":4},"end":{"line":478,"column":58}},"type":"cond-expr","locations":[{"start":{"line":478,"column":34},"end":{"line":478,"column":36}},{"start":{"line":478,"column":34},"end":{"line":478,"column":58}}]},"96":{"loc":{"start":{"line":478,"column":4},"end":{"line":478,"column":36}},"type":"binary-expr","locations":[{"start":{"line":478,"column":4},"end":{"line":478,"column":36}},{"start":{"line":478,"column":34},"end":{"line":478,"column":36}}]},"97":{"loc":{"start":{"line":480,"column":4},"end":{"line":480,"column":63}},"type":"binary-expr","locations":[{"start":{"line":480,"column":4},"end":{"line":480,"column":58}},{"start":{"line":480,"column":62},"end":{"line":480,"column":63}}]},"98":{"loc":{"start":{"line":480,"column":4},"end":{"line":480,"column":58}},"type":"cond-expr","locations":[{"start":{"line":480,"column":34},"end":{"line":480,"column":36}},{"start":{"line":480,"column":34},"end":{"line":480,"column":58}}]},"99":{"loc":{"start":{"line":480,"column":4},"end":{"line":480,"column":36}},"type":"binary-expr","locations":[{"start":{"line":480,"column":4},"end":{"line":480,"column":36}},{"start":{"line":480,"column":34},"end":{"line":480,"column":36}}]},"100":{"loc":{"start":{"line":481,"column":27},"end":{"line":481,"column":69}},"type":"binary-expr","locations":[{"start":{"line":481,"column":27},"end":{"line":481,"column":64}},{"start":{"line":481,"column":68},"end":{"line":481,"column":69}}]},"101":{"loc":{"start":{"line":481,"column":27},"end":{"line":481,"column":64}},"type":"cond-expr","locations":[{"start":{"line":481,"column":51},"end":{"line":481,"column":53}},{"start":{"line":481,"column":51},"end":{"line":481,"column":64}}]},"102":{"loc":{"start":{"line":481,"column":27},"end":{"line":481,"column":53}},"type":"binary-expr","locations":[{"start":{"line":481,"column":27},"end":{"line":481,"column":53}},{"start":{"line":481,"column":51},"end":{"line":481,"column":53}}]},"103":{"loc":{"start":{"line":482,"column":30},"end":{"line":482,"column":76}},"type":"cond-expr","locations":[{"start":{"line":482,"column":46},"end":{"line":482,"column":72}},{"start":{"line":482,"column":75},"end":{"line":482,"column":76}}]}},"s":{"0":1,"1":1,"2":1,"3":1,"4":1,"5":1,"6":1,"7":1,"8":1,"9":1,"10":1,"11":0,"12":1,"13":1,"14":1,"15":1,"16":0,"17":1,"18":2,"19":2,"20":2,"21":0,"22":2,"23":1,"24":4,"25":4,"26":4,"27":4,"28":1,"29":3,"30":3,"31":3,"32":3,"33":3,"34":1,"35":2,"36":2,"37":2,"38":2,"39":2,"40":2,"41":2,"42":1,"43":2,"44":1,"45":1,"46":2,"47":2,"48":1,"49":2,"50":2,"51":1,"52":0,"53":0,"54":0,"55":0,"56":0,"57":0,"58":0,"59":1,"60":1,"61":1,"62":1,"63":0,"64":1,"65":0,"66":1,"67":1,"68":1,"69":1,"70":1,"71":1,"72":1,"73":1,"74":1,"75":1,"76":0,"77":1,"78":1,"79":1,"80":0,"81":1,"82":0,"83":1,"84":0,"85":1,"86":1,"87":1,"88":1,"89":1,"90":1,"91":1,"92":1,"93":1,"94":1,"95":1,"96":1,"97":1,"98":1,"99":1,"100":1,"101":1,"102":1,"103":3,"104":1,"105":1,"106":1,"107":1,"108":1,"109":1,"110":1,"111":2,"112":1,"113":1,"114":1,"115":1,"116":1,"117":1,"118":1,"119":1,"120":1,"121":1,"122":1,"123":1,"124":1,"125":1,"126":1,"127":1,"128":1,"129":1,"130":1,"131":1,"132":2,"133":2,"134":2,"135":1,"136":1,"137":1,"138":1,"139":1,"140":1,"141":1,"142":1,"143":1,"144":0,"145":0,"146":0,"147":1,"148":1,"149":1,"150":1,"151":1,"152":1,"153":1,"154":1},"f":{"0":1,"1":1,"2":2,"3":2,"4":4,"5":4,"6":0,"7":0,"8":1,"9":1,"10":1,"11":1,"12":1,"13":1,"14":1,"15":1,"16":1,"17":2,"18":1,"19":1,"20":1,"21":1,"22":0,"23":0,"24":1,"25":1},"b":{"0":[0,1],"1":[1,0],"2":[1,0],"3":[0,2],"4":[2,2],"5":[0,2],"6":[1,3],"7":[0,3],"8":[3,3],"9":[1,2],"10":[3,3],"11":[2,1],"12":[1,2],"13":[3,2,2],"14":[1,1],"15":[1,0],"16":[1,1],"17":[1,1],"18":[2,1,1],"19":[1,1],"20":[0,0],"21":[0,0],"22":[0,0],"23":[0,0],"24":[0,0],"25":[0,1],"26":[0,1],"27":[1,1],"28":[0,1],"29":[1,1],"30":[1,0],"31":[0,1],"32":[1,1],"33":[0,1],"34":[0,1],"35":[1,1],"36":[0,1],"37":[1,1],"38":[0,1],"39":[0,1],"40":[1,1],"41":[1,0],"42":[1,1,1],"43":[0,1],"44":[1,1],"45":[0,1],"46":[1,1],"47":[0,1],"48":[1,1],"49":[1,0],"50":[2,1],"51":[0,2],"52":[2,2],"53":[1,0],"54":[0,1],"55":[1,1],"56":[0,1],"57":[1,1],"58":[0],"59":[0],"60":[0],"61":[0],"62":[0],"63":[0],"64":[0],"65":[0],"66":[0],"67":[0,1],"68":[1,1],"69":[0,1],"70":[1,1],"71":[0,1],"72":[1,1],"73":[1,0],"74":[0,1],"75":[1,1],"76":[1,0],"77":[0,1],"78":[1,1],"79":[2,1],"80":[1,1],"81":[2,2],"82":[2,1],"83":[1,1],"84":[2,2],"85":[1,0],"86":[0,1],"87":[1,1],"88":[1,0],"89":[0,1],"90":[1,1],"91":[1,0],"92":[0,1],"93":[1,1],"94":[1,0],"95":[0,1],"96":[1,1],"97":[1,1],"98":[0,1],"99":[1,1],"100":[1,0],"101":[0,1],"102":[1,1],"103":[1,0]}}
,"/Users/myatsumon/personal/hotel-booking-management/server/controllers/buffet.ts": {"path":"/Users/myatsumon/personal/hotel-booking-management/server/controllers/buffet.ts","statementMap":{"0":{"start":{"line":1,"column":0},"end":{"line":1,"column":55}},"1":{"start":{"line":2,"column":0},"end":{"line":2,"column":32}},"2":{"start":{"line":3,"column":0},"end":{"line":3,"column":null}},"3":{"start":{"line":8,"column":0},"end":{"line":8,"column":56}},"4":{"start":{"line":9,"column":0},"end":{"line":9,"column":54}},"5":{"start":{"line":11,"column":0},"end":{"line":11,"column":51}},"6":{"start":{"line":13,"column":20},"end":{"line":13,"column":24}},"7":{"start":{"line":15,"column":22},"end":{"line":15,"column":62}},"8":{"start":{"line":15,"column":42},"end":{"line":15,"column":62}},"9":{"start":{"line":17,"column":24},"end":{"line":21,"column":1}},"10":{"start":{"line":18,"column":2},"end":{"line":20,"column":47}},"11":{"start":{"line":19,"column":23},"end":{"line":19,"column":38}},"12":{"start":{"line":20,"column":26},"end":{"line":20,"column":45}},"13":{"start":{"line":23,"column":38},"end":{"line":40,"column":2}},"14":{"start":{"line":23,"column":71},"end":{"line":40,"column":2}},"15":{"start":{"line":24,"column":17},"end":{"line":37,"column":4}},"16":{"start":{"line":39,"column":2},"end":{"line":39,"column":39}},"17":{"start":{"line":23,"column":13},"end":{"line":23,"column":38}},"18":{"start":{"line":42,"column":42},"end":{"line":47,"column":2}},"19":{"start":{"line":42,"column":70},"end":{"line":47,"column":2}},"20":{"start":{"line":43,"column":24},"end":{"line":44,"column":null}},"21":{"start":{"line":46,"column":2},"end":{"line":46,"column":70}},"22":{"start":{"line":42,"column":13},"end":{"line":42,"column":42}},"23":{"start":{"line":49,"column":13},"end":{"line":51,"column":3}},"24":{"start":{"line":49,"column":52},"end":{"line":51,"column":2}},"25":{"start":{"line":50,"column":2},"end":{"line":50,"column":32}},"26":{"start":{"line":53,"column":13},"end":{"line":59,"column":3}},"27":{"start":{"line":53,"column":65},"end":{"line":59,"column":2}},"28":{"start":{"line":54,"column":15},"end":{"line":54,"column":56}},"29":{"start":{"line":55,"column":2},"end":{"line":57,"column":3}},"30":{"start":{"line":56,"column":4},"end":{"line":56,"column":46}},"31":{"start":{"line":58,"column":2},"end":{"line":58,"column":14}},"32":{"start":{"line":61,"column":31},"end":{"line":90,"column":null}},"33":{"start":{"line":61,"column":59},"end":{"line":90,"column":null}},"34":{"start":{"line":93,"column":33},"end":{"line":97,"column":1}},"35":{"start":{"line":94,"column":2},"end":{"line":96,"column":3}},"36":{"start":{"line":95,"column":4},"end":{"line":95,"column":72}},"37":{"start":{"line":99,"column":13},"end":{"line":101,"column":3}},"38":{"start":{"line":99,"column":59},"end":{"line":101,"column":2}},"39":{"start":{"line":100,"column":2},"end":{"line":100,"column":52}},"40":{"start":{"line":103,"column":13},"end":{"line":108,"column":3}},"41":{"start":{"line":103,"column":65},"end":{"line":108,"column":2}},"42":{"start":{"line":104,"column":2},"end":{"line":107,"column":27}},"43":{"start":{"line":110,"column":13},"end":{"line":118,"column":2}},"44":{"start":{"line":111,"column":35},"end":{"line":117,"column":null}},"45":{"start":{"line":112,"column":25},"end":{"line":112,"column":68}},"46":{"start":{"line":113,"column":4},"end":{"line":115,"column":5}},"47":{"start":{"line":114,"column":6},"end":{"line":114,"column":57}},"48":{"start":{"line":116,"column":4},"end":{"line":116,"column":24}},"49":{"start":{"line":120,"column":13},"end":{"line":135,"column":2}},"50":{"start":{"line":121,"column":35},"end":{"line":134,"column":null}},"51":{"start":{"line":122,"column":18},"end":{"line":122,"column":59}},"52":{"start":{"line":123,"column":4},"end":{"line":123,"column":59}},"53":{"start":{"line":124,"column":4},"end":{"line":127,"column":7}},"54":{"start":{"line":129,"column":4},"end":{"line":132,"column":7}},"55":{"start":{"line":133,"column":4},"end":{"line":133,"column":16}},"56":{"start":{"line":137,"column":13},"end":{"line":168,"column":2}},"57":{"start":{"line":138,"column":59},"end":{"line":167,"column":null}},"58":{"start":{"line":139,"column":25},"end":{"line":139,"column":68}},"59":{"start":{"line":140,"column":4},"end":{"line":142,"column":5}},"60":{"start":{"line":141,"column":6},"end":{"line":141,"column":57}},"61":{"start":{"line":144,"column":18},"end":{"line":144,"column":59}},"62":{"start":{"line":145,"column":28},"end":{"line":145,"column":81}},"63":{"start":{"line":146,"column":4},"end":{"line":149,"column":6}},"64":{"start":{"line":151,"column":4},"end":{"line":156,"column":5}},"65":{"start":{"line":152,"column":6},"end":{"line":155,"column":9}},"66":{"start":{"line":158,"column":24},"end":{"line":158,"column":69}},"67":{"start":{"line":159,"column":26},"end":{"line":159,"column":71}},"68":{"start":{"line":160,"column":4},"end":{"line":162,"column":5}},"69":{"start":{"line":161,"column":6},"end":{"line":161,"column":79}},"70":{"start":{"line":164,"column":4},"end":{"line":164,"column":28}},"71":{"start":{"line":165,"column":4},"end":{"line":165,"column":30}},"72":{"start":{"line":166,"column":4},"end":{"line":166,"column":16}},"73":{"start":{"line":170,"column":13},"end":{"line":184,"column":2}},"74":{"start":{"line":171,"column":35},"end":{"line":183,"column":null}},"75":{"start":{"line":172,"column":24},"end":{"line":172,"column":84}},"76":{"start":{"line":173,"column":4},"end":{"line":175,"column":5}},"77":{"start":{"line":174,"column":6},"end":{"line":174,"column":74}},"78":{"start":{"line":177,"column":25},"end":{"line":177,"column":77}},"79":{"start":{"line":178,"column":4},"end":{"line":180,"column":5}},"80":{"start":{"line":179,"column":6},"end":{"line":179,"column":57}},"81":{"start":{"line":182,"column":4},"end":{"line":182,"column":16}},"82":{"start":{"line":186,"column":13},"end":{"line":227,"column":2}},"83":{"start":{"line":187,"column":46},"end":{"line":226,"column":null}},"84":{"start":{"line":188,"column":25},"end":{"line":189,"column":null}},"85":{"start":{"line":191,"column":4},"end":{"line":193,"column":5}},"86":{"start":{"line":192,"column":6},"end":{"line":192,"column":57}},"87":{"start":{"line":195,"column":4},"end":{"line":197,"column":5}},"88":{"start":{"line":196,"column":6},"end":{"line":196,"column":68}},"89":{"start":{"line":199,"column":23},"end":{"line":199,"column":54}},"90":{"start":{"line":200,"column":30},"end":{"line":200,"column":76}},"91":{"start":{"line":201,"column":4},"end":{"line":203,"column":5}},"92":{"start":{"line":202,"column":6},"end":{"line":202,"column":64}},"93":{"start":{"line":205,"column":21},"end":{"line":205,"column":60}},"94":{"start":{"line":206,"column":16},"end":{"line":206,"column":38}},"95":{"start":{"line":207,"column":18},"end":{"line":207,"column":32}},"96":{"start":{"line":209,"column":4},"end":{"line":225,"column":7}},"97":{"start":{"line":229,"column":13},"end":{"line":234,"column":3}},"98":{"start":{"line":229,"column":60},"end":{"line":234,"column":2}},"99":{"start":{"line":230,"column":2},"end":{"line":233,"column":29}},"100":{"start":{"line":236,"column":13},"end":{"line":252,"column":2}},"101":{"start":{"line":237,"column":49},"end":{"line":251,"column":null}},"102":{"start":{"line":238,"column":20},"end":{"line":240,"column":23}},"103":{"start":{"line":242,"column":4},"end":{"line":244,"column":5}},"104":{"start":{"line":243,"column":6},"end":{"line":243,"column":58}},"105":{"start":{"line":246,"column":4},"end":{"line":248,"column":5}},"106":{"start":{"line":247,"column":6},"end":{"line":247,"column":81}},"107":{"start":{"line":250,"column":4},"end":{"line":250,"column":19}},"108":{"start":{"line":254,"column":13},"end":{"line":258,"column":3}},"109":{"start":{"line":254,"column":77},"end":{"line":258,"column":2}},"110":{"start":{"line":255,"column":2},"end":{"line":257,"column":29}},"111":{"start":{"line":260,"column":13},"end":{"line":282,"column":2}},"112":{"start":{"line":261,"column":68},"end":{"line":281,"column":null}},"113":{"start":{"line":262,"column":20},"end":{"line":262,"column":65}},"114":{"start":{"line":264,"column":4},"end":{"line":266,"column":5}},"115":{"start":{"line":265,"column":6},"end":{"line":265,"column":58}},"116":{"start":{"line":268,"column":4},"end":{"line":270,"column":5}},"117":{"start":{"line":269,"column":6},"end":{"line":269,"column":83}},"118":{"start":{"line":272,"column":4},"end":{"line":272,"column":30}},"119":{"start":{"line":274,"column":4},"end":{"line":277,"column":5}},"120":{"start":{"line":275,"column":6},"end":{"line":275,"column":42}},"121":{"start":{"line":276,"column":6},"end":{"line":276,"column":35}},"122":{"start":{"line":279,"column":4},"end":{"line":279,"column":25}},"123":{"start":{"line":280,"column":4},"end":{"line":280,"column":16}},"124":{"start":{"line":284,"column":13},"end":{"line":310,"column":2}},"125":{"start":{"line":285,"column":77},"end":{"line":309,"column":null}},"126":{"start":{"line":286,"column":20},"end":{"line":286,"column":65}},"127":{"start":{"line":288,"column":4},"end":{"line":290,"column":5}},"128":{"start":{"line":289,"column":6},"end":{"line":289,"column":58}},"129":{"start":{"line":292,"column":20},"end":{"line":292,"column":48}},"130":{"start":{"line":293,"column":20},"end":{"line":293,"column":55}},"131":{"start":{"line":295,"column":4},"end":{"line":297,"column":5}},"132":{"start":{"line":296,"column":6},"end":{"line":296,"column":83}},"133":{"start":{"line":299,"column":4},"end":{"line":301,"column":5}},"134":{"start":{"line":300,"column":6},"end":{"line":300,"column":62}},"135":{"start":{"line":303,"column":4},"end":{"line":303,"column":33}},"136":{"start":{"line":304,"column":4},"end":{"line":304,"column":37}},"137":{"start":{"line":305,"column":4},"end":{"line":305,"column":46}},"138":{"start":{"line":305,"column":16},"end":{"line":305,"column":46}},"139":{"start":{"line":307,"column":4},"end":{"line":307,"column":25}},"140":{"start":{"line":308,"column":4},"end":{"line":308,"column":19}}},"fnMap":{"0":{"name":"(anonymous_8)","decl":{"start":{"line":15,"column":22},"end":{"line":15,"column":23}},"loc":{"start":{"line":15,"column":41},"end":{"line":15,"column":62}}},"1":{"name":"(anonymous_9)","decl":{"start":{"line":17,"column":24},"end":{"line":17,"column":25}},"loc":{"start":{"line":17,"column":50},"end":{"line":21,"column":1}}},"2":{"name":"(anonymous_10)","decl":{"start":{"line":19,"column":9},"end":{"line":19,"column":10}},"loc":{"start":{"line":19,"column":23},"end":{"line":19,"column":38}}},"3":{"name":"(anonymous_11)","decl":{"start":{"line":20,"column":12},"end":{"line":20,"column":13}},"loc":{"start":{"line":20,"column":26},"end":{"line":20,"column":45}}},"4":{"name":"(anonymous_12)","decl":{"start":{"line":23,"column":38},"end":{"line":23,"column":45}},"loc":{"start":{"line":23,"column":71},"end":{"line":40,"column":2}}},"5":{"name":"(anonymous_13)","decl":{"start":{"line":23,"column":71},"end":{"line":23,"column":null}},"loc":{"start":{"line":23,"column":71},"end":{"line":40,"column":1}}},"6":{"name":"(anonymous_14)","decl":{"start":{"line":42,"column":42},"end":{"line":42,"column":49}},"loc":{"start":{"line":42,"column":70},"end":{"line":47,"column":2}}},"7":{"name":"(anonymous_15)","decl":{"start":{"line":42,"column":70},"end":{"line":42,"column":null}},"loc":{"start":{"line":42,"column":70},"end":{"line":47,"column":1}}},"8":{"name":"(anonymous_16)","decl":{"start":{"line":49,"column":41},"end":{"line":49,"column":50}},"loc":{"start":{"line":49,"column":52},"end":{"line":51,"column":2}}},"9":{"name":"(anonymous_17)","decl":{"start":{"line":49,"column":52},"end":{"line":49,"column":null}},"loc":{"start":{"line":49,"column":52},"end":{"line":51,"column":1}}},"10":{"name":"(anonymous_18)","decl":{"start":{"line":53,"column":40},"end":{"line":53,"column":47}},"loc":{"start":{"line":53,"column":65},"end":{"line":59,"column":2}}},"11":{"name":"(anonymous_19)","decl":{"start":{"line":53,"column":65},"end":{"line":53,"column":null}},"loc":{"start":{"line":53,"column":65},"end":{"line":59,"column":1}}},"12":{"name":"(anonymous_20)","decl":{"start":{"line":61,"column":31},"end":{"line":61,"column":32}},"loc":{"start":{"line":61,"column":59},"end":{"line":90,"column":null}}},"13":{"name":"(anonymous_21)","decl":{"start":{"line":93,"column":33},"end":{"line":93,"column":34}},"loc":{"start":{"line":93,"column":68},"end":{"line":97,"column":1}}},"14":{"name":"(anonymous_22)","decl":{"start":{"line":99,"column":48},"end":{"line":99,"column":57}},"loc":{"start":{"line":99,"column":59},"end":{"line":101,"column":2}}},"15":{"name":"(anonymous_23)","decl":{"start":{"line":99,"column":59},"end":{"line":99,"column":null}},"loc":{"start":{"line":99,"column":59},"end":{"line":101,"column":1}}},"16":{"name":"(anonymous_24)","decl":{"start":{"line":103,"column":54},"end":{"line":103,"column":63}},"loc":{"start":{"line":103,"column":65},"end":{"line":108,"column":2}}},"17":{"name":"(anonymous_25)","decl":{"start":{"line":103,"column":65},"end":{"line":103,"column":null}},"loc":{"start":{"line":103,"column":65},"end":{"line":108,"column":1}}},"18":{"name":"(anonymous_26)","decl":{"start":{"line":111,"column":2},"end":{"line":111,"column":9}},"loc":{"start":{"line":111,"column":35},"end":{"line":117,"column":null}}},"19":{"name":"(anonymous_27)","decl":{"start":{"line":111,"column":35},"end":{"line":111,"column":null}},"loc":{"start":{"line":111,"column":35},"end":{"line":117,"column":3}}},"20":{"name":"(anonymous_28)","decl":{"start":{"line":121,"column":2},"end":{"line":121,"column":9}},"loc":{"start":{"line":121,"column":35},"end":{"line":134,"column":null}}},"21":{"name":"(anonymous_29)","decl":{"start":{"line":121,"column":35},"end":{"line":121,"column":null}},"loc":{"start":{"line":121,"column":35},"end":{"line":134,"column":3}}},"22":{"name":"(anonymous_30)","decl":{"start":{"line":138,"column":2},"end":{"line":138,"column":9}},"loc":{"start":{"line":138,"column":59},"end":{"line":167,"column":null}}},"23":{"name":"(anonymous_31)","decl":{"start":{"line":138,"column":59},"end":{"line":138,"column":null}},"loc":{"start":{"line":138,"column":59},"end":{"line":167,"column":3}}},"24":{"name":"(anonymous_32)","decl":{"start":{"line":171,"column":2},"end":{"line":171,"column":9}},"loc":{"start":{"line":171,"column":35},"end":{"line":183,"column":null}}},"25":{"name":"(anonymous_33)","decl":{"start":{"line":171,"column":35},"end":{"line":171,"column":null}},"loc":{"start":{"line":171,"column":35},"end":{"line":183,"column":3}}},"26":{"name":"(anonymous_34)","decl":{"start":{"line":187,"column":2},"end":{"line":187,"column":9}},"loc":{"start":{"line":187,"column":46},"end":{"line":226,"column":null}}},"27":{"name":"(anonymous_35)","decl":{"start":{"line":187,"column":46},"end":{"line":187,"column":null}},"loc":{"start":{"line":187,"column":46},"end":{"line":226,"column":3}}},"28":{"name":"(anonymous_36)","decl":{"start":{"line":229,"column":49},"end":{"line":229,"column":58}},"loc":{"start":{"line":229,"column":60},"end":{"line":234,"column":2}}},"29":{"name":"(anonymous_37)","decl":{"start":{"line":229,"column":60},"end":{"line":229,"column":null}},"loc":{"start":{"line":229,"column":60},"end":{"line":234,"column":1}}},"30":{"name":"(anonymous_38)","decl":{"start":{"line":237,"column":2},"end":{"line":237,"column":9}},"loc":{"start":{"line":237,"column":49},"end":{"line":251,"column":null}}},"31":{"name":"(anonymous_39)","decl":{"start":{"line":237,"column":49},"end":{"line":237,"column":null}},"loc":{"start":{"line":237,"column":49},"end":{"line":251,"column":3}}},"32":{"name":"(anonymous_40)","decl":{"start":{"line":254,"column":52},"end":{"line":254,"column":59}},"loc":{"start":{"line":254,"column":77},"end":{"line":258,"column":2}}},"33":{"name":"(anonymous_41)","decl":{"start":{"line":254,"column":77},"end":{"line":254,"column":null}},"loc":{"start":{"line":254,"column":77},"end":{"line":258,"column":1}}},"34":{"name":"(anonymous_42)","decl":{"start":{"line":261,"column":2},"end":{"line":261,"column":9}},"loc":{"start":{"line":261,"column":68},"end":{"line":281,"column":null}}},"35":{"name":"(anonymous_43)","decl":{"start":{"line":261,"column":68},"end":{"line":261,"column":null}},"loc":{"start":{"line":261,"column":68},"end":{"line":281,"column":3}}},"36":{"name":"(anonymous_44)","decl":{"start":{"line":285,"column":2},"end":{"line":285,"column":9}},"loc":{"start":{"line":285,"column":77},"end":{"line":309,"column":null}}},"37":{"name":"(anonymous_45)","decl":{"start":{"line":285,"column":77},"end":{"line":285,"column":null}},"loc":{"start":{"line":285,"column":77},"end":{"line":309,"column":3}}}},"branchMap":{"0":{"loc":{"start":{"line":15,"column":42},"end":{"line":15,"column":61}},"type":"cond-expr","locations":[{"start":{"line":15,"column":55},"end":{"line":15,"column":59}},{"start":{"line":15,"column":59},"end":{"line":15,"column":61}}]},"1":{"loc":{"start":{"line":15,"column":42},"end":{"line":15,"column":59}},"type":"binary-expr","locations":[{"start":{"line":15,"column":42},"end":{"line":15,"column":59}},{"start":{"line":15,"column":55},"end":{"line":15,"column":59}}]},"2":{"loc":{"start":{"line":15,"column":42},"end":{"line":15,"column":55}},"type":"cond-expr","locations":[{"start":{"line":15,"column":47},"end":{"line":15,"column":49}},{"start":{"line":15,"column":42},"end":{"line":15,"column":55}}]},"3":{"loc":{"start":{"line":15,"column":42},"end":{"line":15,"column":49}},"type":"binary-expr","locations":[{"start":{"line":15,"column":42},"end":{"line":15,"column":49}},{"start":{"line":15,"column":42},"end":{"line":15,"column":49}}]},"4":{"loc":{"start":{"line":18,"column":10},"end":{"line":18,"column":26}},"type":"cond-expr","locations":[{"start":{"line":18,"column":10},"end":{"line":18,"column":20}},{"start":{"line":18,"column":24},"end":{"line":18,"column":26}}]},"5":{"loc":{"start":{"line":18,"column":10},"end":{"line":18,"column":24}},"type":"binary-expr","locations":[{"start":{"line":18,"column":10},"end":{"line":18,"column":24}},{"start":{"line":18,"column":10},"end":{"line":18,"column":24}}]},"6":{"loc":{"start":{"line":39,"column":9},"end":{"line":39,"column":38}},"type":"cond-expr","locations":[{"start":{"line":39,"column":33},"end":{"line":39,"column":37}},{"start":{"line":39,"column":37},"end":{"line":39,"column":38}}]},"7":{"loc":{"start":{"line":39,"column":9},"end":{"line":39,"column":37}},"type":"binary-expr","locations":[{"start":{"line":39,"column":9},"end":{"line":39,"column":37}},{"start":{"line":39,"column":33},"end":{"line":39,"column":37}}]},"8":{"loc":{"start":{"line":39,"column":9},"end":{"line":39,"column":33}},"type":"cond-expr","locations":[{"start":{"line":39,"column":18},"end":{"line":39,"column":20}},{"start":{"line":39,"column":18},"end":{"line":39,"column":33}}]},"9":{"loc":{"start":{"line":39,"column":9},"end":{"line":39,"column":20}},"type":"binary-expr","locations":[{"start":{"line":39,"column":9},"end":{"line":39,"column":20}},{"start":{"line":39,"column":18},"end":{"line":39,"column":20}}]},"10":{"loc":{"start":{"line":44,"column":4},"end":{"line":44,"column":39}},"type":"cond-expr","locations":[{"start":{"line":44,"column":20},"end":{"line":44,"column":24}},{"start":{"line":44,"column":24},"end":{"line":44,"column":39}}]},"11":{"loc":{"start":{"line":44,"column":4},"end":{"line":44,"column":24}},"type":"binary-expr","locations":[{"start":{"line":44,"column":4},"end":{"line":44,"column":24}},{"start":{"line":44,"column":20},"end":{"line":44,"column":24}}]},"12":{"loc":{"start":{"line":46,"column":19},"end":{"line":46,"column":48}},"type":"cond-expr","locations":[{"start":{"line":46,"column":43},"end":{"line":46,"column":47}},{"start":{"line":46,"column":47},"end":{"line":46,"column":48}}]},"13":{"loc":{"start":{"line":46,"column":19},"end":{"line":46,"column":47}},"type":"binary-expr","locations":[{"start":{"line":46,"column":19},"end":{"line":46,"column":47}},{"start":{"line":46,"column":43},"end":{"line":46,"column":47}}]},"14":{"loc":{"start":{"line":55,"column":2},"end":{"line":57,"column":3}},"type":"if","locations":[{"start":{"line":55,"column":2},"end":{"line":57,"column":3}},{"start":{},"end":{}}]},"15":{"loc":{"start":{"line":64,"column":4},"end":{"line":66,"column":17}},"type":"cond-expr","locations":[{"start":{"line":65,"column":8},"end":{"line":65,"column":46}},{"start":{"line":66,"column":8},"end":{"line":66,"column":17}}]},"16":{"loc":{"start":{"line":68,"column":4},"end":{"line":70,"column":17}},"type":"cond-expr","locations":[{"start":{"line":69,"column":8},"end":{"line":69,"column":56}},{"start":{"line":70,"column":8},"end":{"line":70,"column":17}}]},"17":{"loc":{"start":{"line":72,"column":4},"end":{"line":74,"column":17}},"type":"cond-expr","locations":[{"start":{"line":73,"column":8},"end":{"line":73,"column":52}},{"start":{"line":74,"column":8},"end":{"line":74,"column":17}}]},"18":{"loc":{"start":{"line":76,"column":4},"end":{"line":78,"column":17}},"type":"cond-expr","locations":[{"start":{"line":77,"column":8},"end":{"line":77,"column":49}},{"start":{"line":78,"column":8},"end":{"line":78,"column":17}}]},"19":{"loc":{"start":{"line":80,"column":4},"end":{"line":82,"column":17}},"type":"cond-expr","locations":[{"start":{"line":81,"column":8},"end":{"line":81,"column":44}},{"start":{"line":82,"column":8},"end":{"line":82,"column":17}}]},"20":{"loc":{"start":{"line":84,"column":4},"end":{"line":86,"column":17}},"type":"cond-expr","locations":[{"start":{"line":85,"column":8},"end":{"line":85,"column":42}},{"start":{"line":86,"column":8},"end":{"line":86,"column":17}}]},"21":{"loc":{"start":{"line":88,"column":4},"end":{"line":90,"column":17}},"type":"cond-expr","locations":[{"start":{"line":89,"column":8},"end":{"line":89,"column":53}},{"start":{"line":90,"column":8},"end":{"line":90,"column":17}}]},"22":{"loc":{"start":{"line":94,"column":2},"end":{"line":96,"column":3}},"type":"if","locations":[{"start":{"line":94,"column":2},"end":{"line":96,"column":3}},{"start":{},"end":{}}]},"23":{"loc":{"start":{"line":94,"column":6},"end":{"line":94,"column":46}},"type":"binary-expr","locations":[{"start":{"line":94,"column":6},"end":{"line":94,"column":14}},{"start":{"line":94,"column":18},"end":{"line":94,"column":24}},{"start":{"line":94,"column":28},"end":{"line":94,"column":46}}]},"24":{"loc":{"start":{"line":113,"column":4},"end":{"line":115,"column":5}},"type":"if","locations":[{"start":{"line":113,"column":4},"end":{"line":115,"column":5}},{"start":{},"end":{}}]},"25":{"loc":{"start":{"line":125,"column":15},"end":{"line":125,"column":41}},"type":"cond-expr","locations":[{"start":{"line":125,"column":35},"end":{"line":125,"column":39}},{"start":{"line":125,"column":39},"end":{"line":125,"column":41}}]},"26":{"loc":{"start":{"line":125,"column":15},"end":{"line":125,"column":39}},"type":"binary-expr","locations":[{"start":{"line":125,"column":15},"end":{"line":125,"column":39}},{"start":{"line":125,"column":35},"end":{"line":125,"column":39}}]},"27":{"loc":{"start":{"line":131,"column":14},"end":{"line":131,"column":46}},"type":"cond-expr","locations":[{"start":{"line":131,"column":38},"end":{"line":131,"column":42}},{"start":{"line":131,"column":42},"end":{"line":131,"column":46}}]},"28":{"loc":{"start":{"line":131,"column":14},"end":{"line":131,"column":42}},"type":"binary-expr","locations":[{"start":{"line":131,"column":14},"end":{"line":131,"column":42}},{"start":{"line":131,"column":38},"end":{"line":131,"column":42}}]},"29":{"loc":{"start":{"line":140,"column":4},"end":{"line":142,"column":5}},"type":"if","locations":[{"start":{"line":140,"column":4},"end":{"line":142,"column":5}},{"start":{},"end":{}}]},"30":{"loc":{"start":{"line":145,"column":28},"end":{"line":145,"column":81}},"type":"cond-expr","locations":[{"start":{"line":145,"column":49},"end":{"line":145,"column":53}},{"start":{"line":145,"column":53},"end":{"line":145,"column":81}}]},"31":{"loc":{"start":{"line":145,"column":28},"end":{"line":145,"column":53}},"type":"binary-expr","locations":[{"start":{"line":145,"column":28},"end":{"line":145,"column":53}},{"start":{"line":145,"column":49},"end":{"line":145,"column":53}}]},"32":{"loc":{"start":{"line":147,"column":6},"end":{"line":147,"column":45}},"type":"cond-expr","locations":[{"start":{"line":147,"column":20},"end":{"line":147,"column":24}},{"start":{"line":147,"column":24},"end":{"line":147,"column":45}}]},"33":{"loc":{"start":{"line":147,"column":6},"end":{"line":147,"column":24}},"type":"binary-expr","locations":[{"start":{"line":147,"column":6},"end":{"line":147,"column":24}},{"start":{"line":147,"column":20},"end":{"line":147,"column":24}}]},"34":{"loc":{"start":{"line":148,"column":6},"end":{"line":148,"column":41}},"type":"cond-expr","locations":[{"start":{"line":148,"column":18},"end":{"line":148,"column":22}},{"start":{"line":148,"column":22},"end":{"line":148,"column":41}}]},"35":{"loc":{"start":{"line":148,"column":6},"end":{"line":148,"column":22}},"type":"binary-expr","locations":[{"start":{"line":148,"column":6},"end":{"line":148,"column":22}},{"start":{"line":148,"column":18},"end":{"line":148,"column":22}}]},"36":{"loc":{"start":{"line":151,"column":4},"end":{"line":156,"column":5}},"type":"if","locations":[{"start":{"line":151,"column":4},"end":{"line":156,"column":5}},{"start":{},"end":{}}]},"37":{"loc":{"start":{"line":151,"column":8},"end":{"line":151,"column":81}},"type":"binary-expr","locations":[{"start":{"line":151,"column":8},"end":{"line":151,"column":42}},{"start":{"line":151,"column":46},"end":{"line":151,"column":81}}]},"38":{"loc":{"start":{"line":153,"column":17},"end":{"line":153,"column":68}},"type":"cond-expr","locations":[{"start":{"line":153,"column":37},"end":{"line":153,"column":41}},{"start":{"line":153,"column":41},"end":{"line":153,"column":68}}]},"39":{"loc":{"start":{"line":153,"column":17},"end":{"line":153,"column":41}},"type":"binary-expr","locations":[{"start":{"line":153,"column":17},"end":{"line":153,"column":41}},{"start":{"line":153,"column":37},"end":{"line":153,"column":41}}]},"40":{"loc":{"start":{"line":158,"column":24},"end":{"line":158,"column":69}},"type":"cond-expr","locations":[{"start":{"line":158,"column":41},"end":{"line":158,"column":45}},{"start":{"line":158,"column":45},"end":{"line":158,"column":69}}]},"41":{"loc":{"start":{"line":158,"column":24},"end":{"line":158,"column":45}},"type":"binary-expr","locations":[{"start":{"line":158,"column":24},"end":{"line":158,"column":45}},{"start":{"line":158,"column":41},"end":{"line":158,"column":45}}]},"42":{"loc":{"start":{"line":160,"column":4},"end":{"line":162,"column":5}},"type":"if","locations":[{"start":{"line":160,"column":4},"end":{"line":162,"column":5}},{"start":{},"end":{}}]},"43":{"loc":{"start":{"line":173,"column":4},"end":{"line":175,"column":5}},"type":"if","locations":[{"start":{"line":173,"column":4},"end":{"line":175,"column":5}},{"start":{},"end":{}}]},"44":{"loc":{"start":{"line":178,"column":4},"end":{"line":180,"column":5}},"type":"if","locations":[{"start":{"line":178,"column":4},"end":{"line":180,"column":5}},{"start":{},"end":{}}]},"45":{"loc":{"start":{"line":191,"column":4},"end":{"line":193,"column":5}},"type":"if","locations":[{"start":{"line":191,"column":4},"end":{"line":193,"column":5}},{"start":{},"end":{}}]},"46":{"loc":{"start":{"line":195,"column":4},"end":{"line":197,"column":5}},"type":"if","locations":[{"start":{"line":195,"column":4},"end":{"line":197,"column":5}},{"start":{},"end":{}}]},"47":{"loc":{"start":{"line":195,"column":8},"end":{"line":195,"column":66}},"type":"binary-expr","locations":[{"start":{"line":195,"column":8},"end":{"line":195,"column":28}},{"start":{"line":195,"column":32},"end":{"line":195,"column":66}}]},"48":{"loc":{"start":{"line":201,"column":4},"end":{"line":203,"column":5}},"type":"if","locations":[{"start":{"line":201,"column":4},"end":{"line":203,"column":5}},{"start":{},"end":{}}]},"49":{"loc":{"start":{"line":242,"column":4},"end":{"line":244,"column":5}},"type":"if","locations":[{"start":{"line":242,"column":4},"end":{"line":244,"column":5}},{"start":{},"end":{}}]},"50":{"loc":{"start":{"line":246,"column":4},"end":{"line":248,"column":5}},"type":"if","locations":[{"start":{"line":246,"column":4},"end":{"line":248,"column":5}},{"start":{},"end":{}}]},"51":{"loc":{"start":{"line":246,"column":8},"end":{"line":246,"column":80}},"type":"binary-expr","locations":[{"start":{"line":246,"column":8},"end":{"line":246,"column":41}},{"start":{"line":246,"column":41},"end":{"line":246,"column":80}}]},"52":{"loc":{"start":{"line":246,"column":9},"end":{"line":246,"column":37}},"type":"cond-expr","locations":[{"start":{"line":246,"column":18},"end":{"line":246,"column":20}},{"start":{"line":246,"column":18},"end":{"line":246,"column":37}}]},"53":{"loc":{"start":{"line":246,"column":9},"end":{"line":246,"column":20}},"type":"binary-expr","locations":[{"start":{"line":246,"column":9},"end":{"line":246,"column":20}},{"start":{"line":246,"column":18},"end":{"line":246,"column":20}}]},"54":{"loc":{"start":{"line":264,"column":4},"end":{"line":266,"column":5}},"type":"if","locations":[{"start":{"line":264,"column":4},"end":{"line":266,"column":5}},{"start":{},"end":{}}]},"55":{"loc":{"start":{"line":268,"column":4},"end":{"line":270,"column":5}},"type":"if","locations":[{"start":{"line":268,"column":4},"end":{"line":270,"column":5}},{"start":{},"end":{}}]},"56":{"loc":{"start":{"line":268,"column":8},"end":{"line":268,"column":76}},"type":"binary-expr","locations":[{"start":{"line":268,"column":8},"end":{"line":268,"column":41}},{"start":{"line":268,"column":41},"end":{"line":268,"column":76}}]},"57":{"loc":{"start":{"line":268,"column":9},"end":{"line":268,"column":37}},"type":"cond-expr","locations":[{"start":{"line":268,"column":18},"end":{"line":268,"column":20}},{"start":{"line":268,"column":18},"end":{"line":268,"column":37}}]},"58":{"loc":{"start":{"line":268,"column":9},"end":{"line":268,"column":20}},"type":"binary-expr","locations":[{"start":{"line":268,"column":9},"end":{"line":268,"column":20}},{"start":{"line":268,"column":18},"end":{"line":268,"column":20}}]},"59":{"loc":{"start":{"line":274,"column":4},"end":{"line":277,"column":5}},"type":"if","locations":[{"start":{"line":274,"column":4},"end":{"line":277,"column":5}},{"start":{},"end":{}}]},"60":{"loc":{"start":{"line":274,"column":8},"end":{"line":274,"column":35}},"type":"cond-expr","locations":[{"start":{"line":274,"column":27},"end":{"line":274,"column":29}},{"start":{"line":274,"column":27},"end":{"line":274,"column":35}}]},"61":{"loc":{"start":{"line":274,"column":8},"end":{"line":274,"column":29}},"type":"binary-expr","locations":[{"start":{"line":274,"column":8},"end":{"line":274,"column":29}},{"start":{"line":274,"column":27},"end":{"line":274,"column":29}}]},"62":{"loc":{"start":{"line":288,"column":4},"end":{"line":290,"column":5}},"type":"if","locations":[{"start":{"line":288,"column":4},"end":{"line":290,"column":5}},{"start":{},"end":{}}]},"63":{"loc":{"start":{"line":292,"column":20},"end":{"line":292,"column":48}},"type":"cond-expr","locations":[{"start":{"line":292,"column":29},"end":{"line":292,"column":31}},{"start":{"line":292,"column":29},"end":{"line":292,"column":48}}]},"64":{"loc":{"start":{"line":292,"column":20},"end":{"line":292,"column":31}},"type":"binary-expr","locations":[{"start":{"line":292,"column":20},"end":{"line":292,"column":31}},{"start":{"line":292,"column":29},"end":{"line":292,"column":31}}]},"65":{"loc":{"start":{"line":295,"column":4},"end":{"line":297,"column":5}},"type":"if","locations":[{"start":{"line":295,"column":4},"end":{"line":297,"column":5}},{"start":{},"end":{}}]},"66":{"loc":{"start":{"line":295,"column":8},"end":{"line":295,"column":28}},"type":"binary-expr","locations":[{"start":{"line":295,"column":8},"end":{"line":295,"column":16}},{"start":{"line":295,"column":20},"end":{"line":295,"column":28}}]},"67":{"loc":{"start":{"line":299,"column":4},"end":{"line":301,"column":5}},"type":"if","locations":[{"start":{"line":299,"column":4},"end":{"line":301,"column":5}},{"start":{},"end":{}}]},"68":{"loc":{"start":{"line":305,"column":4},"end":{"line":305,"column":46}},"type":"if","locations":[{"start":{"line":305,"column":4},"end":{"line":305,"column":46}},{"start":{},"end":{}}]}},"s":{"0":1,"1":1,"2":1,"3":1,"4":1,"5":1,"6":1,"7":1,"8":4,"9":1,"10":1,"11":2,"12":2,"13":1,"14":4,"15":4,"16":4,"17":1,"18":1,"19":3,"20":3,"21":3,"22":1,"23":1,"24":0,"25":0,"26":1,"27":1,"28":1,"29":1,"30":0,"31":1,"32":1,"33":2,"34":1,"35":2,"36":0,"37":1,"38":0,"39":0,"40":1,"41":0,"42":0,"43":1,"44":0,"45":0,"46":0,"47":0,"48":0,"49":1,"50":1,"51":1,"52":1,"53":1,"54":1,"55":1,"56":1,"57":1,"58":1,"59":1,"60":0,"61":1,"62":1,"63":1,"64":1,"65":0,"66":1,"67":1,"68":1,"69":1,"70":0,"71":0,"72":0,"73":1,"74":0,"75":0,"76":0,"77":0,"78":0,"79":0,"80":0,"81":0,"82":1,"83":2,"84":2,"85":2,"86":0,"87":2,"88":0,"89":2,"90":2,"91":2,"92":1,"93":1,"94":1,"95":1,"96":1,"97":1,"98":0,"99":0,"100":1,"101":0,"102":0,"103":0,"104":0,"105":0,"106":0,"107":0,"108":1,"109":0,"110":0,"111":1,"112":1,"113":1,"114":1,"115":0,"116":1,"117":0,"118":1,"119":1,"120":1,"121":1,"122":1,"123":1,"124":1,"125":1,"126":1,"127":1,"128":0,"129":1,"130":1,"131":1,"132":0,"133":1,"134":0,"135":1,"136":1,"137":1,"138":1,"139":1,"140":1},"f":{"0":4,"1":1,"2":2,"3":2,"4":4,"5":4,"6":3,"7":3,"8":0,"9":0,"10":1,"11":1,"12":2,"13":2,"14":0,"15":0,"16":0,"17":0,"18":0,"19":0,"20":1,"21":1,"22":1,"23":1,"24":0,"25":0,"26":2,"27":2,"28":0,"29":0,"30":0,"31":0,"32":0,"33":0,"34":1,"35":1,"36":1,"37":1},"b":{"0":[4,0],"1":[4,4],"2":[0,4],"3":[4,4],"4":[1,0],"5":[1,1],"6":[4,0],"7":[4,4],"8":[0,4],"9":[4,4],"10":[3,0],"11":[3,3],"12":[3,0],"13":[3,3],"14":[0,1],"15":[1,1],"16":[1,1],"17":[1,1],"18":[1,1],"19":[1,1],"20":[1,1],"21":[1,1],"22":[0,2],"23":[2,2,2],"24":[0,0],"25":[1,0],"26":[1,1],"27":[0,1],"28":[1,1],"29":[0,1],"30":[0,1],"31":[1,1],"32":[0,1],"33":[1,1],"34":[0,1],"35":[1,1],"36":[0,1],"37":[1,1],"38":[0,0],"39":[0,0],"40":[1,0],"41":[1,1],"42":[1,0],"43":[0,0],"44":[0,0],"45":[0,2],"46":[0,2],"47":[2,2],"48":[1,1],"49":[0,0],"50":[0,0],"51":[0,0],"52":[0,0],"53":[0,0],"54":[0,1],"55":[0,1],"56":[1,1],"57":[0,1],"58":[1,1],"59":[1,0],"60":[0,1],"61":[1,1],"62":[0,1],"63":[0,1],"64":[1,1],"65":[0,1],"66":[1,1],"67":[0,1],"68":[1,0]}}
,"/Users/myatsumon/personal/hotel-booking-management/server/controllers/payment.ts": {"path":"/Users/myatsumon/personal/hotel-booking-management/server/controllers/payment.ts","statementMap":{"0":{"start":{"line":1,"column":0},"end":{"line":1,"column":55}},"1":{"start":{"line":2,"column":0},"end":{"line":2,"column":56}},"2":{"start":{"line":3,"column":0},"end":{"line":3,"column":44}},"3":{"start":{"line":5,"column":0},"end":{"line":5,"column":28}},"4":{"start":{"line":7,"column":15},"end":{"line":7,"column":57}},"5":{"start":{"line":8,"column":23},"end":{"line":8,"column":57}},"6":{"start":{"line":10,"column":13},"end":{"line":45,"column":3}},"7":{"start":{"line":10,"column":78},"end":{"line":45,"column":2}},"8":{"start":{"line":11,"column":18},"end":{"line":11,"column":68}},"9":{"start":{"line":13,"column":2},"end":{"line":15,"column":3}},"10":{"start":{"line":14,"column":4},"end":{"line":14,"column":41}},"11":{"start":{"line":17,"column":18},"end":{"line":42,"column":4}},"12":{"start":{"line":44,"column":2},"end":{"line":44,"column":30}},"13":{"start":{"line":47,"column":13},"end":{"line":89,"column":2}},"14":{"start":{"line":48,"column":36},"end":{"line":88,"column":null}},"15":{"start":{"line":49,"column":20},"end":{"line":50,"column":null}},"16":{"start":{"line":53,"column":4},"end":{"line":55,"column":5}},"17":{"start":{"line":54,"column":6},"end":{"line":54,"column":50}},"18":{"start":{"line":57,"column":25},"end":{"line":57,"column":52}},"19":{"start":{"line":58,"column":20},"end":{"line":85,"column":6}},"20":{"start":{"line":87,"column":4},"end":{"line":87,"column":32}},"21":{"start":{"line":91,"column":13},"end":{"line":130,"column":2}},"22":{"start":{"line":92,"column":47},"end":{"line":129,"column":null}},"23":{"start":{"line":93,"column":4},"end":{"line":128,"column":5}},"24":{"start":{"line":94,"column":20},"end":{"line":97,"column":null}},"25":{"start":{"line":100,"column":6},"end":{"line":125,"column":7}},"26":{"start":{"line":101,"column":24},"end":{"line":101,"column":68}},"27":{"start":{"line":102,"column":26},"end":{"line":102,"column":53}},"28":{"start":{"line":104,"column":28},"end":{"line":108,"column":10}},"29":{"start":{"line":110,"column":8},"end":{"line":117,"column":9}},"30":{"start":{"line":111,"column":10},"end":{"line":114,"column":13}},"31":{"start":{"line":116,"column":10},"end":{"line":116,"column":22}},"32":{"start":{"line":119,"column":8},"end":{"line":122,"column":11}},"33":{"start":{"line":124,"column":8},"end":{"line":124,"column":20}},"34":{"start":{"line":127,"column":6},"end":{"line":127,"column":58}},"35":{"start":{"line":132,"column":36},"end":{"line":150,"column":2}},"36":{"start":{"line":132,"column":70},"end":{"line":150,"column":2}},"37":{"start":{"line":133,"column":2},"end":{"line":135,"column":3}},"38":{"start":{"line":134,"column":4},"end":{"line":134,"column":16}},"39":{"start":{"line":137,"column":17},"end":{"line":139,"column":4}},"40":{"start":{"line":141,"column":2},"end":{"line":146,"column":4}},"41":{"start":{"line":147,"column":2},"end":{"line":147,"column":42}},"42":{"start":{"line":149,"column":2},"end":{"line":149,"column":16}},"43":{"start":{"line":132,"column":13},"end":{"line":132,"column":36}}},"fnMap":{"0":{"name":"(anonymous_8)","decl":{"start":{"line":10,"column":50},"end":{"line":10,"column":57}},"loc":{"start":{"line":10,"column":78},"end":{"line":45,"column":2}}},"1":{"name":"(anonymous_9)","decl":{"start":{"line":10,"column":78},"end":{"line":10,"column":null}},"loc":{"start":{"line":10,"column":78},"end":{"line":45,"column":1}}},"2":{"name":"(anonymous_10)","decl":{"start":{"line":48,"column":2},"end":{"line":48,"column":9}},"loc":{"star
[...]
"line":33,"column":71},"end":{"line":34,"column":null}}},"9":{"name":"(anonymous_16)","decl":{"start":{"line":33,"column":71},"end":{"line":33,"column":null}},"loc":{"start":{"line":33,"column":67},"end":{"line":34,"column":null}}},"10":{"name":"(anonymous_17)","decl":{"start":{"line":37,"column":16},"end":{"line":37,"column":null}},"loc":{"start":{"line":52,"column":8},"end":{"line":58,"column":null}}},"11":{"name":"(anonymous_18)","decl":{"start":{"line":52,"column":8},"end":{"line":52,"column":null}},"loc":{"start":{"line":51,"column":7},"end":{"line":58,"column":null}}},"12":{"name":"(anonymous_19)","decl":{"start":{"line":59,"column":16},"end":{"line":59,"column":23}},"loc":{"start":{"line":59,"column":65},"end":{"line":60,"column":null}}},"13":{"name":"(anonymous_20)","decl":{"start":{"line":59,"column":65},"end":{"line":59,"column":null}},"loc":{"start":{"line":59,"column":61},"end":{"line":60,"column":null}}},"14":{"name":"(anonymous_21)","decl":{"start":{"line":61,"column":14},"end":{"line":61,"column":null}},"loc":{"start":{"line":68,"column":8},"end":{"line":68,"column":null}}},"15":{"name":"(anonymous_22)","decl":{"start":{"line":68,"column":8},"end":{"line":68,"column":9}},"loc":{"start":{"line":67,"column":7},"end":{"line":68,"column":null}}},"16":{"name":"(anonymous_23)","decl":{"start":{"line":69,"column":11},"end":{"line":69,"column":null}},"loc":{"start":{"line":73,"column":8},"end":{"line":73,"column":null}}},"17":{"name":"(anonymous_24)","decl":{"start":{"line":73,"column":8},"end":{"line":73,"column":9}},"loc":{"start":{"line":72,"column":32},"end":{"line":73,"column":null}}},"18":{"name":"(anonymous_25)","decl":{"start":{"line":74,"column":18},"end":{"line":74,"column":null}},"loc":{"start":{"line":78,"column":8},"end":{"line":78,"column":null}}},"19":{"name":"(anonymous_26)","decl":{"start":{"line":78,"column":8},"end":{"line":78,"column":9}},"loc":{"start":{"line":77,"column":31},"end":{"line":78,"column":null}}},"20":{"name":"(anonymous_27)","decl":{"start":{"line":79,"column":23},"end":{"line":79,"column":null}},"loc":{"start":{"line":83,"column":8},"end":{"line":83,"column":null}}},"21":{"name":"(anonymous_28)","decl":{"start":{"line":83,"column":8},"end":{"line":83,"column":9}},"loc":{"start":{"line":82,"column":31},"end":{"line":83,"column":null}}},"22":{"name":"(anonymous_29)","decl":{"start":{"line":84,"column":24},"end":{"line":84,"column":null}},"loc":{"start":{"line":91,"column":8},"end":{"line":91,"column":null}}},"23":{"name":"(anonymous_30)","decl":{"start":{"line":91,"column":8},"end":{"line":91,"column":9}},"loc":{"start":{"line":90,"column":31},"end":{"line":91,"column":null}}},"24":{"name":"(anonymous_31)","decl":{"start":{"line":92,"column":20},"end":{"line":92,"column":27}},"loc":{"start":{"line":92,"column":67},"end":{"line":94,"column":null}}},"25":{"name":"(anonymous_32)","decl":{"start":{"line":92,"column":67},"end":{"line":92,"column":null}},"loc":{"start":{"line":92,"column":63},"end":{"line":94,"column":5}}},"26":{"name":"(anonymous_33)","decl":{"start":{"line":95,"column":19},"end":{"line":95,"column":null}},"loc":{"start":{"line":102,"column":8},"end":{"line":104,"column":null}}},"27":{"name":"(anonymous_34)","decl":{"start":{"line":102,"column":8},"end":{"line":102,"column":null}},"loc":{"start":{"line":101,"column":75},"end":{"line":104,"column":5}}}},"branchMap":{"0":{"loc":{"start":{"line":21,"column":6},"end":{"line":23,"column":7}},"type":"if","locations":[{"start":{"line":21,"column":6},"end":{"line":23,"column":7}},{"start":{},"end":{}}]},"1":{"loc":{"start":{"line":21,"column":10},"end":{"line":21,"column":52}},"type":"binary-expr","locations":[{"start":{"line":21,"column":10},"end":{"line":21,"column":30}},{"start":{"line":21,"column":34},"end":{"line":21,"column":52}}]},"2":{"loc":{"start":{"line":21,"column":10},"end":{"line":21,"column":30}},"type":"cond-expr","locations":[{"start":{"line":21,"column":14},"end":{"line":21,"column":16}},{"start":{"line":21,"column":10},"end":{"line":21,"column":30}}]},"3":{"loc":{"start":{"line":21,"column":10},"end":{"line":21,"column":16}},"type":"binary-expr","locations":[{"start":{"line":21,"column":10},"end":{"line":21,"column":16}},{"start":{"line":21,"column":10},"end":{"line":21,"column":16}}]}},"s":{"0":1,"1":1,"2":1,"3":1,"4":1,"5":1,"6":1,"7":1,"8":1,"9":1,"10":1,"11":1,"12":1,"13":1,"14":1,"15":1,"16":1,"17":1,"18":1,"19":1,"20":1,"21":1,"22":1,"23":1,"24":1,"25":1,"26":1,"27":1,"28":1,"29":1,"30":1,"31":1,"32":1},"f":{"0":1,"1":1,"2":1,"3":1,"4":1,"5":1,"6":1,"7":1,"8":1,"9":1,"10":1,"11":1,"12":1,"13":1,"14":1,"15":1,"16":1,"17":1,"18":1,"19":1,"20":1,"21":1,"22":1,"23":1,"24":1,"25":1,"26":1,"27":1},"b":{"0":[1,0],"1":[1,1],"2":[0,1],"3":[1,1]}}
,"/Users/myatsumon/personal/hotel-booking-management/server/middlewares/errorHandler.ts": {"path":"/Users/myatsumon/personal/hotel-booking-management/server/middlewares/errorHandler.ts","statementMap":{"0":{"start":{"line":1,"column":0},"end":{"line":26,"column":4}},"1":{"start":{"line":2,"column":2},"end":{"line":26,"column":3}},"2":{"start":{"line":3,"column":4},"end":{"line":25,"column":7}},"3":{"start":{"line":4,"column":6},"end":{"line":4,"column":33}},"4":{"start":{"line":6,"column":6},"end":{"line":9,"column":7}},"5":{"start":{"line":7,"column":24},"end":{"line":7,"column":80}},"6":{"start":{"line":8,"column":8},"end":{"line":8,"column":34}},"7":{"start":{"line":11,"column":6},"end":{"line":16,"column":7}},"8":{"start":{"line":12,"column":24},"end":{"line":14,"column":21}},"9":{"start":{"line":13,"column":29},"end":{"line":13,"column":40}},"10":{"start":{"line":15,"column":8},"end":{"line":15,"column":34}},"11":{"start":{"line":18,"column":6},"end":{"line":22,"column":7}},"12":{"start":{"line":19,"column":8},"end":{"line":19,"column":null}},"13":{"start":{"line":20,"column":24},"end":{"line":20,"column":49}},"14":{"start":{"line":21,"column":8},"end":{"line":21,"column":22}},"15":{"start":{"line":24,"column":6},"end":{"line":24,"column":16}}},"fnMap":{"0":{"name":"(anonymous_0)","decl":{"start":{"line":1,"column":15},"end":{"line":1,"column":16}},"loc":{"start":{"line":2,"column":2},"end":{"line":26,"column":3}}},"1":{"name":"(anonymous_1)","decl":{"start":{"line":2,"column":2},"end":{"line":2,"column":3}},"loc":{"start":{"line":2,"column":25},"end":{"line":26,"column":3}}},"2":{"name":"(anonymous_2)","decl":{"start":{"line":3,"column":62},"end":{"line":3,"column":63}},"loc":{"start":{"line":3,"column":70},"end":{"line":25,"column":5}}},"3":{"name":"(anonymous_3)","decl":{"start":{"line":13,"column":15},"end":{"line":13,"column":16}},"loc":{"start":{"line":13,"column":29},"end":{"line":13,"column":40}}}},"branchMap":{"0":{"loc":{"start":{"line":6,"column":6},"end":{"line":9,"column":7}},"type":"if","locations":[{"start":{"line":6,"column":6},"end":{"line":9,"column":7}},{"start":{},"end":{}}]},"1":{"loc":{"start":{"line":11,"column":6},"end":{"line":16,"column":7}},"type":"if","locations":[{"start":{"line":11,"column":6},"end":{"line":16,"column":7}},{"start":{},"end":{}}]},"2":{"loc":{"start":{"line":18,"column":6},"end":{"line":22,"column":7}},"type":"if","locations":[{"start":{"line":18,"column":6},"end":{"line":22,"column":7}},{"start":{},"end":{}}]}},"s":{"0":7,"1":51,"2":50,"3":11,"4":11,"5":1,"6":1,"7":10,"8":1,"9":2,"10":1,"11":9,"12":0,"13":0,"14":0,"15":9},"f":{"0":51,"1":50,"2":11,"3":2},"b":{"0":[1,10],"1":[1,9],"2":[0,9]}}
,"/Users/myatsumon/personal/hotel-booking-management/server/middlewares/permissions.ts": {"path":"/Users/myatsumon/personal/hotel-booking-management/server/middlewares/permissions.ts","statementMap":{"0":{"start":{"line":1,"column":0},"end":{"line":1,"column":51}},"1":{"start":{"line":3,"column":24},"end":{"line":9,"column":2}},"2":{"start":{"line":7,"column":4},"end":{"line":9,"column":2}},"3":{"start":{"line":8,"column":2},"end":{"line":8,"column":32}},"4":{"start":{"line":11,"column":16},"end":{"line":13,"column":2}},"5":{"start":{"line":11,"column":78},"end":{"line":13,"column":2}},"6":{"start":{"line":12,"column":2},"end":{"line":12,"column":47}},"7":{"start":{"line":15,"column":13},"end":{"line":75,"column":2}}},"fnMap":{"0":{"name":"(anonymous_7)","decl":{"start":{"line":3,"column":54},"end":{"line":3,"column":null}},"loc":{"start":{"line":7,"column":4},"end":{"line":9,"column":2}}},"1":{"name":"(anonymous_8)","decl":{"start":{"line":7,"column":4},"end":{"line":7,"column":null}},"loc":{"start":{"line":7,"column":4},"end":{"line":9,"column":1}}},"2":{"name":"(anonymous_9)","decl":{"start":{"line":11,"column":46},"end":{"line":11,"column":53}},"loc":{"start":{"line":11,"column":78},"end":{"line":13,"column":2}}},"3":{"name":"(anonymous_10)","decl":{"start":{"line":11,"column":78},"end":{"line":11,"column":null}},"loc":{"start":{"line":11,"column":78},"end":{"line":13,"column":1}}}},"branchMap":{"0":{"loc":{"start":{"line":8,"column":9},"end":{"line":8,"column":22}},"type":"cond-expr","locations":[{"start":{"line":8,"column":16},"end":{"line":8,"column":18}},{"start":{"line":8,"column":9},"end":{"line":8,"column":22}}]},"1":{"loc":{"start":{"line":8,"column":9},"end":{"line":8,"column":18}},"type":"binary-expr","locations":[{"start":{"line":8,"column":9},"end":{"line":8,"column":18}},{"start":{"line":8,"column":9},"end":{"line":8,"column":18}}]},"2":{"loc":{"start":{"line":12,"column":9},"end":{"line":12,"column":46}},"type":"cond-expr","locations":[{"start":{"line":12,"column":22},"end":{"line":12,"column":24}},{"start":{"line":12,"column":22},"end":{"line":12,"column":46}}]},"3":{"loc":{"start":{"line":12,"column":9},"end":{"line":12,"column":24}},"type":"binary-expr","locations":[{"start":{"line":12,"column":9},"end":{"line":12,"column":24}},{"start":{"line":12,"column":22},"end":{"line":12,"column":24}}]},"4":{"loc":{"start":{"line":12,"column":9},"end":{"line":12,"column":22}},"type":"cond-expr","locations":[{"start":{"line":12,"column":16},"end":{"line":12,"column":18}},{"start":{"line":12,"column":9},"end":{"line":12,"column":22}}]},"5":{"loc":{"start":{"line":12,"column":9},"end":{"line":12,"column":18}},"type":"binary-expr","locations":[{"start":{"line":12,"column":9},"end":{"line":12,"column":18}},{"start":{"line":12,"column":9},"end":{"line":12,"column":18}}]}},"s":{"0":0,"1":0,"2":0,"3":0,"4":0,"5":0,"6":0,"7":0},"f":{"0":0,"1":0,"2":0,"3":0},"b":{"0":[0,0],"1":[0,0],"2":[0,0],"3":[0,0],"4":[0,0],"5":[0,0]}}
,"/Users/myatsumon/personal/hotel-booking-management/server/utils/apiFilters.ts": {"path":"/Users/myatsumon/personal/hotel-booking-management/server/utils/apiFilters.ts","statementMap":{"0":{"start":{"line":1,"column":0},"end":{"line":1,"column":32}},"1":{"start":{"line":6,"column":4},"end":{"line":6,"column":23}},"2":{"start":{"line":10,"column":23},"end":{"line":12,"column":6}},"3":{"start":{"line":14,"column":28},"end":{"line":19,"column":6}},"4":{"start":{"line":21,"column":24},"end":{"line":25,"column":10}},"5":{"start":{"line":27,"column":4},"end":{"line":27,"column":53}},"6":{"start":{"line":28,"column":4},"end":{"line":28,"column":16}},"7":{"start":{"line":32,"column":23},"end":{"line":32,"column":40}},"8":{"start":{"line":33,"column":25},"end":{"line":33,"column":54}},"9":{"start":{"line":34,"column":4},"end":{"line":37,"column":6}},"10":{"start":{"line":36,"column":17},"end":{"line":36,"column":28}},"11":{"start":{"line":39,"column":4},"end":{"line":39,"column":61}},"12":{"start":{"line":40,"column":4},"end":{"line":40,"column":16}},"13":{"start":{"line":44,"column":24},"end":{"line":44,"column":41}},"14":{"start":{"line":45,"column":22},"end":{"line":45,"column":49}},"15":{"start":{"line":47,"column":4},"end":{"line":47,"column":59}},"16":{"start":{"line":48,"column":4},"end":{"line":48,"column":16}},"17":{"start":{"line":52,"column":4},"end":{"line":52,"column":44}},"18":{"start":{"line":53,"column":4},"end":{"line":53,"column":16}},"19":{"start":{"line":57,"column":4},"end":{"line":57,"column":52}},"20":{"start":{"line":58,"column":4},"end":{"line":58,"column":16}},"21":{"start":{"line":62,"column":0},"end":{"line":62,"column":26}}},"fnMap":{"0":{"name":"(anonymous_1)","decl":{"start":{"line":5,"column":2},"end":{"line":5,"column":14}},"loc":{"start":{"line":5,"column":24},"end":{"line":7,"column":3}}},"1":{"name":"(anonymous_2)","decl":{"start":{"line":9,"column":2},"end":{"line":9,"column":8}},"loc":{"start":{"line":9,"column":22},"end":{"line":29,"column":3}}},"2":{"name":"(anonymous_3)","decl":{"start":{"line":31,"column":2},"end":{"line":31,"column":9}},"loc":{"start":{"line":31,"column":22},"end":{"line":41,"column":3}}},"3":{"name":"(anonymous_4)","decl":{"start":{"line":36,"column":6},"end":{"line":36,"column":7}},"loc":{"start":{"line":36,"column":17},"end":{"line":36,"column":28}}},"4":{"name":"(anonymous_5)","decl":{"start":{"line":43,"column":2},"end":{"line":43,"column":12}},"loc":{"start":{"line":43,"column":51},"end":{"line":49,"column":3}}},"5":{"name":"(anonymous_6)","decl":{"start":{"line":51,"column":2},"end":{"line":51,"column":10}},"loc":{"start":{"line":51,"column":24},"end":{"line":54,"column":3}}},"6":{"name":"(anonymous_7)","decl":{"start":{"line":56,"column":2},"end":{"line":56,"column":6}},"loc":{"start":{"line":56,"column":18},"end":{"line":59,"column":3}}}},"branchMap":{"0":{"loc":{"start":{"line":21,"column":24},"end":{"line":25,"column":10}},"type":"cond-expr","locations":[{"start":{"line":22,"column":8},"end":{"line":24,"column":25}},{"start":{"line":25,"column":8},"end":{"line":25,"column":10}}]},"1":{"loc":{"start":{"line":22,"column":8},"end":{"line":24,"column":25}},"type":"cond-expr","locations":[{"start":{"line":23,"column":10},"end":{"line":23,"column":20}},{"start":{"line":24,"column":10},"end":{"line":24,"column":25}}]},"2":{"loc":{"start":{"line":44,"column":24},"end":{"line":44,"column":41}},"type":"binary-expr","locations":[{"start":{"line":44,"column":24},"end":{"line":44,"column":36}},{"start":{"line":44,"column":40},"end":{"line":44,"column":41}}]}},"s":{"0":2,"1":2,"2":2,"3":2,"4":2,"5":2,"6":2,"7":2,"8":2,"9":2,"10":2,"11":2,"12":2,"13":2,"14":2,"15":2,"16":2,"17":1,"18":1,"19":1,"20":1,"21":2},"f":{"0":2,"1":2,"2":2,"3":2,"4":2,"5":1,"6":1},"b":{"0":[2,0],"1":[0,2],"2":[2,0]}}
,"/Users/myatsumon/personal/hotel-booking-management/server/utils/cloudinary.ts": {"path":"/Users/myatsumon/personal/hotel-booking-management/server/utils/cloudinary.ts","statementMap":{"0":{"start":{"line":1,"column":0},"end":{"line":1,"column":46}},"1":{"start":{"line":2,"column":0},"end":{"line":2,"column":28}},"2":{"start":{"line":4,"column":0},"end":{"line":4,"column":45}},"3":{"start":{"line":6,"column":0},"end":{"line":10,"column":3}},"4":{"start":{"line":12,"column":33},"end":{"line":21,"column":2}},"5":{"start":{"line":12,"column":78},"end":{"line":21,"column":2}},"6":{"start":{"line":13,"column":17},"end":{"line":15,"column":4}},"7":{"start":{"line":17,"column":2},"end":{"line":20,"column":4}},"8":{"start":{"line":12,"column":13},"end":{"line":12,"column":33}},"9":{"start":{"line":23,"column":36},"end":{"line":30,"column":2}},"10":{"start":{"line":26,"column":4},"end":{"line":30,"column":2}},"11":{"start":{"line":27,"column":19},"end":{"line":27,"column":75}},"12":{"start":{"line":27,"column":39},"end":{"line":27,"column":74}},"13":{"start":{"line":29,"column":2},"end":{"line":29,"column":31}},"14":{"start":{"line":23,"column":13},"end":{"line":23,"column":36}},"15":{"start":{"line":32,"column":27},"end":{"line":36,"column":2}},"16":{"start":{"line":32,"column":61},"end":{"line":36,"column":2}},"17":{"start":{"line":33,"column":19},"end":{"line":33,"column":69}},"18":{"start":{"line":35,"column":2},"end":{"line":35,"column":35}},"19":{"start":{"line":32,"column":13},"end":{"line":32,"column":27}}},"fnMap":{"0":{"name":"(anonymous_8)","decl":{"start":{"line":12,"column":33},"end":{"line":12,"column":40}},"loc":{"start":{"line":12,"column":78},"end":{"line":21,"column":2}}},"1":{"name":"(anonymous_9)","decl":{"start":{"line":12,"column":78},"end":{"line":12,"column":null}},"loc":{"start":{"line":12,"column":78},"end":{"line":21,"column":1}}},"2":{"name":"(anonymous_10)","decl":{"start":{"line":23,"column":36},"end":{"line":23,"column":null}},"loc":{"start":{"line":26,"column":4},"end":{"line":30,"column":2}}},"3":{"name":"(anonymous_11)","decl":{"start":{"line":26,"column":4},"end":{"line":26,"column":null}},"loc":{"start":{"line":26,"column":4},"end":{"line":30,"column":1}}},"4":{"name":"(anonymous_12)","decl":{"start":{"line":27,"column":30},"end":{"line":27,"column":31}},"loc":{"start":{"line":27,"column":39},"end":{"line":27,"column":74}}},"5":{"name":"(anonymous_13)","decl":{"start":{"line":32,"column":27},"end":{"line":32,"column":34}},"loc":{"start":{"line":32,"column":61},"end":{"line":36,"column":2}}},"6":{"name":"(anonymous_14)","decl":{"start":{"line":32,"column":61},"end":{"line":32,"column":null}},"loc":{"start":{"line":32,"column":61},"end":{"line":36,"column":1}}}},"branchMap":{"0":{"loc":{"start":{"line":35,"column":9},"end":{"line":35,"column":25}},"type":"cond-expr","locations":[{"start":{"line":35,"column":17},"end":{"line":35,"column":19}},{"start":{"line":35,"column":9},"end":{"line":35,"column":25}}]},"1":{"loc":{"start":{"line":35,"column":9},"end":{"line":35,"column":19}},"type":"binary-expr","locations":[{"start":{"line":35,"column":9},"end":{"line":35,"column":19}},{"start":{"line":35,"column":9},"end":{"line":35,"column":19}}]}},"s":{"0":0,"1":0,"2":0,"3":0,"4":0,"5":0,"6":0,"7":0,"8":0,"9":0,"10":0,"11":0,"12":0,"13":0,"14":0,"15":0,"16":0,"17":0,"18":0,"19":0},"f":{"0":0,"1":0,"2":0,"3":0,"4":0,"5":0,"6":0},"b":{"0":[0,0],"1":[0,0]}}
,"/Users/myatsumon/personal/hotel-booking-management/server/utils/forget-password-email.ts": {"path":"/Users/myatsumon/personal/hotel-booking-management/server/utils/forget-password-email.ts","statementMap":{"0":{"start":{"line":1,"column":43},"end":{"line":663,"column":2}},"1":{"start":{"line":3,"column":5},"end":{"line":663,"column":2}},"2":{"start":{"line":1,"column":13},"end":{"line":1,"column":43}}},"fnMap":{"0":{"name":"(anonymous_0)","decl":{"start":{"line":1,"column":43},"end":{"line":1,"column":null}},"loc":{"start":{"line":3,"column":5},"end":{"line":663,"column":2}}}},"branchMap":{},"s":{"0":1,"1":1,"2":1},"f":{"0":1},"b":{}}
,"/Users/myatsumon/personal/hotel-booking-management/server/utils/not-found.ts": {"path":"/Users/myatsumon/personal/hotel-booking-management/server/utils/not-found.ts","statementMap":{"0":{"start":{"line":1,"column":0},"end":{"line":1,"column":38}},"1":{"start":{"line":4,"column":4},"end":{"line":8,"column":null}},"2":{"start":{"line":2,"column":0},"end":{"line":2,"column":13}}},"fnMap":{"0":{"name":"(anonymous_0)","decl":{"start":{"line":3,"column":2},"end":{"line":3,"column":14}},"loc":{"start":{"line":3,"column":29},"end":{"line":9,"column":3}}}},"branchMap":{},"s":{"0":3,"1":1,"2":3},"f":{"0":1},"b":{}}
,"/Users/myatsumon/personal/hotel-booking-management/server/utils/sendEmail.ts": {"path":"/Users/myatsumon/personal/hotel-booking-management/server/utils/sendEmail.ts","statementMap":{"0":{"start":{"line":1,"column":0},"end":{"line":1,"column":36}},"1":{"start":{"line":9,"column":25},"end":{"line":27,"column":2}},"2":{"start":{"line":9,"column":57},"end":{"line":27,"column":2}},"3":{"start":{"line":10,"column":18},"end":{"line":17,"column":4}},"4":{"start":{"line":19,"column":18},"end":{"line":24,"column":4}},"5":{"start":{"line":26,"column":2},"end":{"line":26,"column":36}},"6":{"start":{"line":9,"column":13},"end":{"line":9,"column":25}}},"fnMap":{"0":{"name":"(anonymous_8)","decl":{"start":{"line":9,"column":25},"end":{"line":9,"column":32}},"loc":{"start":{"line":9,"column":57},"end":{"line":27,"column":2}}},"1":{"name":"(anonymous_9)","decl":{"start":{"line":9,"column":57},"end":{"line":9,"column":null}},"loc":{"start":{"line":9,"column":57},"end":{"line":27,"column":1}}}},"branchMap":{},"s":{"0":0,"1":0,"2":0,"3":0,"4":0,"5":0,"6":0},"f":{"0":0,"1":0},"b":{}}
}
