TN:
SF:controllers/booking.ts
FN:16,(anonymous_8)
FN:16,(anonymous_9)
FN:32,(anonymous_10)
FN:32,(anonymous_11)
FN:45,(anonymous_12)
FN:45,(anonymous_13)
FN:133,(anonymous_14)
FN:133,(anonymous_15)
FN:149,(anonymous_16)
FN:153,(anonymous_17)
FN:178,(anonymous_18)
FN:178,(anonymous_19)
FN:222,(anonymous_20)
FN:222,(anonymous_21)
FN:228,(anonymous_22)
FN:248,(anonymous_23)
FN:248,(anonymous_24)
FN:256,(anonymous_25)
FN:260,(anonymous_26)
FN:274,(anonymous_27)
FN:274,(anonymous_28)
FN:435,(anonymous_29)
FN:500,(anonymous_30)
FN:500,(anonymous_31)
FN:510,(anonymous_32)
FN:510,(anonymous_33)
FNF:26
FNH:22
FNDA:1,(anonymous_8)
FNDA:1,(anonymous_9)
FNDA:2,(anonymous_10)
FNDA:2,(anonymous_11)
FNDA:4,(anonymous_12)
FNDA:4,(anonymous_13)
FNDA:0,(anonymous_14)
FNDA:0,(anonymous_15)
FNDA:1,(anonymous_16)
FNDA:1,(anonymous_17)
FNDA:1,(anonymous_18)
FNDA:1,(anonymous_19)
FNDA:1,(anonymous_20)
FNDA:1,(anonymous_21)
FNDA:1,(anonymous_22)
FNDA:1,(anonymous_23)
FNDA:1,(anonymous_24)
FNDA:2,(anonymous_25)
FNDA:1,(anonymous_26)
FNDA:1,(anonymous_27)
FNDA:1,(anonymous_28)
FNDA:1,(anonymous_29)
FNDA:0,(anonymous_30)
FNDA:0,(anonymous_31)
FNDA:1,(anonymous_32)
FNDA:1,(anonymous_33)
DA:2,1
DA:3,1
DA:4,1
DA:5,1
DA:7,1
DA:8,1
DA:9,1
DA:14,1
DA:16,1
DA:17,1
DA:19,1
DA:21,1
DA:25,1
DA:26,1
DA:29,0
DA:32,2
DA:33,2
DA:35,2
DA:37,2
DA:44,1
DA:45,4
DA:55,4
DA:57,4
DA:64,4
DA:65,1
DA:68,3
DA:69,3
DA:70,3
DA:71,3
DA:75,3
DA:76,1
DA:79,2
DA:85,2
DA:86,2
DA:87,2
DA:88,2
DA:90,2
DA:107,2
DA:108,1
DA:111,2
DA:112,1
DA:113,1
DA:116,2
DA:118,2
DA:119,1
DA:124,2
DA:128,2
DA:132,1
DA:133,0
DA:134,0
DA:136,0
DA:137,0
DA:140,0
DA:141,0
DA:144,0
DA:148,1
DA:153,1
DA:154,1
DA:156,1
DA:157,0
DA:160,1
DA:161,0
DA:164,1
DA:166,1
DA:167,1
DA:168,1
DA:171,1
DA:173,1
DA:177,1
DA:178,1
DA:179,1
DA:181,1
DA:182,0
DA:185,1
DA:186,1
DA:188,1
DA:189,0
DA:192,1
DA:193,0
DA:196,1
DA:197,0
DA:200,1
DA:205,1
DA:208,1
DA:209,1
DA:210,1
DA:212,1
DA:214,1
DA:218,1
DA:222,1
DA:223,1
DA:228,1
DA:229,1
DA:230,1
DA:232,1
DA:234,1
DA:235,1
DA:239,3
DA:242,1
DA:245,1
DA:248,1
DA:249,1
DA:253,1
DA:255,1
DA:257,2
DA:260,1
DA:261,1
DA:264,1
DA:274,1
DA:275,1
DA:429,1
DA:431,1
DA:432,1
DA:433,1
DA:435,1
DA:436,1
DA:437,1
DA:438,1
DA:440,1
DA:441,1
DA:442,1
DA:446,1
DA:447,1
DA:449,1
DA:465,2
DA:466,2
DA:471,2
DA:474,1
DA:475,1
DA:476,1
DA:478,1
DA:480,1
DA:481,1
DA:482,1
DA:484,1
DA:500,1
DA:501,0
DA:506,0
DA:509,1
DA:510,1
DA:511,1
DA:512,1
DA:514,1
DA:515,1
DA:530,1
DA:532,1
LF:146
LH:130
BRDA:17,0,0,0
BRDA:17,0,1,1
BRDA:25,1,0,1
BRDA:25,1,1,0
BRDA:26,2,0,1
BRDA:26,2,1,0
BRDA:33,3,0,0
BRDA:33,3,1,2
BRDA:33,4,0,2
BRDA:33,4,1,2
BRDA:35,5,0,0
BRDA:35,5,1,2
BRDA:64,6,0,1
BRDA:64,6,1,3
BRDA:69,7,0,0
BRDA:69,7,1,3
BRDA:69,8,0,3
BRDA:69,8,1,3
BRDA:70,9,0,1
BRDA:70,9,1,2
BRDA:70,10,0,3
BRDA:70,10,1,3
BRDA:71,11,0,2
BRDA:71,11,1,1
BRDA:75,12,0,1
BRDA:75,12,1,2
BRDA:75,13,0,3
BRDA:75,13,1,2
BRDA:75,13,2,2
BRDA:79,14,0,1
BRDA:79,14,1,1
BRDA:81,15,0,1
BRDA:81,15,1,0
BRDA:107,16,0,1
BRDA:107,16,1,1
BRDA:111,17,0,1
BRDA:111,17,1,1
BRDA:111,18,0,2
BRDA:111,18,1,1
BRDA:111,18,2,1
BRDA:118,19,0,1
BRDA:118,19,1,1
BRDA:136,20,0,0
BRDA:136,20,1,0
BRDA:140,21,0,0
BRDA:140,21,1,0
BRDA:140,22,0,0
BRDA:140,22,1,0
BRDA:140,23,0,0
BRDA:140,23,1,0
BRDA:140,24,0,0
BRDA:140,24,1,0
BRDA:156,25,0,0
BRDA:156,25,1,1
BRDA:160,26,0,0
BRDA:160,26,1,1
BRDA:160,27,0,1
BRDA:160,27,1,1
BRDA:160,28,0,0
BRDA:160,28,1,1
BRDA:160,29,0,1
BRDA:160,29,1,1
BRDA:166,30,0,1
BRDA:166,30,1,0
BRDA:166,31,0,0
BRDA:166,31,1,1
BRDA:166,32,0,1
BRDA:166,32,1,1
BRDA:181,33,0,0
BRDA:181,33,1,1
BRDA:185,34,0,0
BRDA:185,34,1,1
BRDA:185,35,0,1
BRDA:185,35,1,1
BRDA:188,36,0,0
BRDA:188,36,1,1
BRDA:188,37,0,1
BRDA:188,37,1,1
BRDA:192,38,0,0
BRDA:192,38,1,1
BRDA:196,39,0,0
BRDA:196,39,1,1
BRDA:196,40,0,1
BRDA:196,40,1,1
BRDA:200,41,0,1
BRDA:200,41,1,0
BRDA:201,42,0,1
BRDA:201,42,1,1
BRDA:201,42,2,1
BRDA:201,43,0,0
BRDA:201,43,1,1
BRDA:201,44,0,1
BRDA:201,44,1,1
BRDA:202,45,0,0
BRDA:202,45,1,1
BRDA:202,46,0,1
BRDA:202,46,1,1
BRDA:203,47,0,0
BRDA:203,47,1,1
BRDA:203,48,0,1
BRDA:203,48,1,1
BRDA:210,49,0,1
BRDA:210,49,1,0
BRDA:257,50,0,2
BRDA:257,50,1,1
BRDA:257,51,0,0
BRDA:257,51,1,2
BRDA:257,52,0,2
BRDA:257,52,1,2
BRDA:261,53,0,1
BRDA:261,53,1,0
BRDA:261,54,0,0
BRDA:261,54,1,1
BRDA:261,55,0,1
BRDA:261,55,1,1
BRDA:261,56,0,0
BRDA:261,56,1,1
BRDA:261,57,0,1
BRDA:261,57,1,1
BRDA:420,58,0,0
BRDA:421,59,0,0
BRDA:422,60,0,0
BRDA:423,61,0,0
BRDA:424,62,0,0
BRDA:425,63,0,0
BRDA:426,64,0,0
BRDA:427,65,0,0
BRDA:428,66,0,0
BRDA:435,67,0,0
BRDA:435,67,1,1
BRDA:435,68,0,1
BRDA:435,68,1,1
BRDA:436,69,0,0
BRDA:436,69,1,1
BRDA:436,70,0,1
BRDA:436,70,1,1
BRDA:436,71,0,0
BRDA:436,71,1,1
BRDA:436,72,0,1
BRDA:436,72,1,1
BRDA:437,73,0,1
BRDA:437,73,1,0
BRDA:437,74,0,0
BRDA:437,74,1,1
BRDA:437,75,0,1
BRDA:437,75,1,1
BRDA:438,76,0,1
BRDA:438,76,1,0
BRDA:438,77,0,0
BRDA:438,77,1,1
BRDA:438,78,0,1
BRDA:438,78,1,1
BRDA:468,79,0,2
BRDA:468,79,1,1
BRDA:468,80,0,1
BRDA:468,80,1,1
BRDA:468,81,0,2
BRDA:468,81,1,2
BRDA:469,82,0,2
BRDA:469,82,1,1
BRDA:469,83,0,1
BRDA:469,83,1,1
BRDA:469,84,0,2
BRDA:469,84,1,2
BRDA:474,85,0,1
BRDA:474,85,1,0
BRDA:474,86,0,0
BRDA:474,86,1,1
BRDA:474,87,0,1
BRDA:474,87,1,1
BRDA:475,88,0,1
BRDA:475,88,1,0
BRDA:475,89,0,0
BRDA:475,89,1,1
BRDA:475,90,0,1
BRDA:475,90,1,1
BRDA:476,91,0,1
BRDA:476,91,1,0
BRDA:476,92,0,0
BRDA:476,92,1,1
BRDA:476,93,0,1
BRDA:476,93,1,1
BRDA:478,94,0,1
BRDA:478,94,1,0
BRDA:478,95,0,0
BRDA:478,95,1,1
BRDA:478,96,0,1
BRDA:478,96,1,1
BRDA:480,97,0,1
BRDA:480,97,1,1
BRDA:480,98,0,0
BRDA:480,98,1,1
BRDA:480,99,0,1
BRDA:480,99,1,1
BRDA:481,100,0,1
BRDA:481,100,1,0
BRDA:481,101,0,0
BRDA:481,101,1,1
BRDA:481,102,0,1
BRDA:481,102,1,1
BRDA:482,103,0,1
BRDA:482,103,1,0
BRF:202
BRH:138
end_of_record
TN:
SF:controllers/buffet.ts
FN:15,(anonymous_8)
FN:17,(anonymous_9)
FN:19,(anonymous_10)
FN:20,(anonymous_11)
FN:23,(anonymous_12)
FN:23,(anonymous_13)
FN:42,(anonymous_14)
FN:42,(anonymous_15)
FN:49,(anonymous_16)
FN:49,(anonymous_17)
FN:53,(anonymous_18)
FN:53,(anonymous_19)
FN:61,(anonymous_20)
FN:93,(anonymous_21)
FN:99,(anonymous_22)
FN:99,(anonymous_23)
FN:103,(anonymous_24)
FN:103,(anonymous_25)
FN:111,(anonymous_26)
FN:111,(anonymous_27)
FN:121,(anonymous_28)
FN:121,(anonymous_29)
FN:138,(anonymous_30)
FN:138,(anonymous_31)
FN:171,(anonymous_32)
FN:171,(anonymous_33)
FN:187,(anonymous_34)
FN:187,(anonymous_35)
FN:229,(anonymous_36)
FN:229,(anonymous_37)
FN:237,(anonymous_38)
FN:237,(anonymous_39)
FN:254,(anonymous_40)
FN:254,(anonymous_41)
FN:261,(anonymous_42)
FN:261,(anonymous_43)
FN:285,(anonymous_44)
FN:285,(anonymous_45)
FNF:38
FNH:22
FNDA:4,(anonymous_8)
FNDA:1,(anonymous_9)
FNDA:2,(anonymous_10)
FNDA:2,(anonymous_11)
FNDA:4,(anonymous_12)
FNDA:4,(anonymous_13)
FNDA:3,(anonymous_14)
FNDA:3,(anonymous_15)
FNDA:0,(anonymous_16)
FNDA:0,(anonymous_17)
FNDA:1,(anonymous_18)
FNDA:1,(anonymous_19)
FNDA:2,(anonymous_20)
FNDA:2,(anonymous_21)
FNDA:0,(anonymous_22)
FNDA:0,(anonymous_23)
FNDA:0,(anonymous_24)
FNDA:0,(anonymous_25)
FNDA:0,(anonymous_26)
FNDA:0,(anonymous_27)
FNDA:1,(anonymous_28)
FNDA:1,(anonymous_29)
FNDA:1,(anonymous_30)
FNDA:1,(anonymous_31)
FNDA:0,(anonymous_32)
FNDA:0,(anonymous_33)
FNDA:2,(anonymous_34)
FNDA:2,(anonymous_35)
FNDA:0,(anonymous_36)
FNDA:0,(anonymous_37)
FNDA:0,(anonymous_38)
FNDA:0,(anonymous_39)
FNDA:0,(anonymous_40)
FNDA:0,(anonymous_41)
FNDA:1,(anonymous_42)
FNDA:1,(anonymous_43)
FNDA:1,(anonymous_44)
FNDA:1,(anonymous_45)
DA:1,1
DA:2,1
DA:3,1
DA:8,1
DA:9,1
DA:11,1
DA:13,1
DA:15,4
DA:17,1
DA:18,1
DA:19,2
DA:20,2
DA:23,4
DA:24,4
DA:39,4
DA:42,3
DA:43,3
DA:46,3
DA:49,1
DA:50,0
DA:53,1
DA:54,1
DA:55,1
DA:56,0
DA:58,1
DA:61,2
DA:93,1
DA:94,2
DA:95,0
DA:99,1
DA:100,0
DA:103,1
DA:104,0
DA:110,1
DA:111,0
DA:112,0
DA:113,0
DA:114,0
DA:116,0
DA:120,1
DA:121,1
DA:122,1
DA:123,1
DA:124,1
DA:129,1
DA:133,1
DA:137,1
DA:138,1
DA:139,1
DA:140,1
DA:141,0
DA:144,1
DA:145,1
DA:146,1
DA:151,1
DA:152,0
DA:158,1
DA:159,1
DA:160,1
DA:161,1
DA:164,0
DA:165,0
DA:166,0
DA:170,1
DA:171,0
DA:172,0
DA:173,0
DA:174,0
DA:177,0
DA:178,0
DA:179,0
DA:182,0
DA:186,1
DA:187,2
DA:188,2
DA:191,2
DA:192,0
DA:195,2
DA:196,0
DA:199,2
DA:200,2
DA:201,2
DA:202,1
DA:205,1
DA:206,1
DA:207,1
DA:209,1
DA:229,1
DA:230,0
DA:236,1
DA:237,0
DA:238,0
DA:242,0
DA:243,0
DA:246,0
DA:247,0
DA:250,0
DA:254,1
DA:255,0
DA:260,1
DA:261,1
DA:262,1
DA:264,1
DA:265,0
DA:268,1
DA:269,0
DA:272,1
DA:274,1
DA:275,1
DA:276,1
DA:279,1
DA:280,1
DA:284,1
DA:285,1
DA:286,1
DA:288,1
DA:289,0
DA:292,1
DA:293,1
DA:295,1
DA:296,0
DA:299,1
DA:300,0
DA:303,1
DA:304,1
DA:305,1
DA:307,1
DA:308,1
LF:128
LH:89
BRDA:15,0,0,4
BRDA:15,0,1,0
BRDA:15,1,0,4
BRDA:15,1,1,4
BRDA:15,2,0,0
BRDA:15,2,1,4
BRDA:15,3,0,4
BRDA:15,3,1,4
BRDA:18,4,0,1
BRDA:18,4,1,0
BRDA:18,5,0,1
BRDA:18,5,1,1
BRDA:39,6,0,4
BRDA:39,6,1,0
BRDA:39,7,0,4
BRDA:39,7,1,4
BRDA:39,8,0,0
BRDA:39,8,1,4
BRDA:39,9,0,4
BRDA:39,9,1,4
BRDA:44,10,0,3
BRDA:44,10,1,0
BRDA:44,11,0,3
BRDA:44,11,1,3
BRDA:46,12,0,3
BRDA:46,12,1,0
BRDA:46,13,0,3
BRDA:46,13,1,3
BRDA:55,14,0,0
BRDA:55,14,1,1
BRDA:64,15,0,1
BRDA:64,15,1,1
BRDA:68,16,0,1
BRDA:68,16,1,1
BRDA:72,17,0,1
BRDA:72,17,1,1
BRDA:76,18,0,1
BRDA:76,18,1,1
BRDA:80,19,0,1
BRDA:80,19,1,1
BRDA:84,20,0,1
BRDA:84,20,1,1
BRDA:88,21,0,1
BRDA:88,21,1,1
BRDA:94,22,0,0
BRDA:94,22,1,2
BRDA:94,23,0,2
BRDA:94,23,1,2
BRDA:94,23,2,2
BRDA:113,24,0,0
BRDA:113,24,1,0
BRDA:125,25,0,1
BRDA:125,25,1,0
BRDA:125,26,0,1
BRDA:125,26,1,1
BRDA:131,27,0,0
BRDA:131,27,1,1
BRDA:131,28,0,1
BRDA:131,28,1,1
BRDA:140,29,0,0
BRDA:140,29,1,1
BRDA:145,30,0,0
BRDA:145,30,1,1
BRDA:145,31,0,1
BRDA:145,31,1,1
BRDA:147,32,0,0
BRDA:147,32,1,1
BRDA:147,33,0,1
BRDA:147,33,1,1
BRDA:148,34,0,0
BRDA:148,34,1,1
BRDA:148,35,0,1
BRDA:148,35,1,1
BRDA:151,36,0,0
BRDA:151,36,1,1
BRDA:151,37,0,1
BRDA:151,37,1,1
BRDA:153,38,0,0
BRDA:153,38,1,0
BRDA:153,39,0,0
BRDA:153,39,1,0
BRDA:158,40,0,1
BRDA:158,40,1,0
BRDA:158,41,0,1
BRDA:158,41,1,1
BRDA:160,42,0,1
BRDA:160,42,1,0
BRDA:173,43,0,0
BRDA:173,43,1,0
BRDA:178,44,0,0
BRDA:178,44,1,0
BRDA:191,45,0,0
BRDA:191,45,1,2
BRDA:195,46,0,0
BRDA:195,46,1,2
BRDA:195,47,0,2
BRDA:195,47,1,2
BRDA:201,48,0,1
BRDA:201,48,1,1
BRDA:242,49,0,0
BRDA:242,49,1,0
BRDA:246,50,0,0
BRDA:246,50,1,0
BRDA:246,51,0,0
BRDA:246,51,1,0
BRDA:246,52,0,0
BRDA:246,52,1,0
BRDA:246,53,0,0
BRDA:246,53,1,0
BRDA:264,54,0,0
BRDA:264,54,1,1
BRDA:268,55,0,0
BRDA:268,55,1,1
BRDA:268,56,0,1
BRDA:268,56,1,1
BRDA:268,57,0,0
BRDA:268,57,1,1
BRDA:268,58,0,1
BRDA:268,58,1,1
BRDA:274,59,0,1
BRDA:274,59,1,0
BRDA:274,60,0,0
BRDA:274,60,1,1
BRDA:274,61,0,1
BRDA:274,61,1,1
BRDA:288,62,0,0
BRDA:288,62,1,1
BRDA:292,63,0,0
BRDA:292,63,1,1
BRDA:292,64,0,1
BRDA:292,64,1,1
BRDA:295,65,0,0
BRDA:295,65,1,1
BRDA:295,66,0,1
BRDA:295,66,1,1
BRDA:299,67,0,0
BRDA:299,67,1,1
BRDA:305,68,0,1
BRDA:305,68,1,0
BRF:139
BRH:89
end_of_record
TN:
SF:controllers/payment.ts
FN:10,(anonymous_8)
FN:10,(anonymous_9)
FN:48,(anonymous_10)
FN:48,(anonymous_11)
FN:92,(anonymous_12)
FN:92,(anonymous_13)
FN:132,(anonymous_14)
FN:132,(anonymous_15)
FNF:8
FNH:8
FNDA:1,(anonymous_8)
FNDA:1,(anonymous_9)
FNDA:1,(anonymous_10)
FNDA:1,(anonymous_11)
FNDA:3,(anonymous_12)
FNDA:3,(anonymous_13)
FNDA:1,(anonymous_14)
FNDA:1,(anonymous_15)
DA:1,1
DA:2,1
DA:3,1
DA:5,1
DA:7,1
DA:8,1
DA:10,1
DA:11,1
DA:13,1
DA:14,0
DA:17,1
DA:44,1
DA:47,1
DA:48,1
DA:49,1
DA:53,1
DA:54,0
DA:57,1
DA:58,1
DA:87,1
DA:91,1
DA:92,3
DA:93,3
DA:94,3
DA:100,2
DA:101,2
DA:102,2
DA:104,2
DA:110,2
DA:111,1
DA:116,1
DA:119,1
DA:124,1
DA:127,1
DA:132,1
DA:133,1
DA:134,0
DA:137,1
DA:141,1
DA:147,1
DA:149,1
LF:41
LH:38
BRDA:13,0,0,0
BRDA:13,0,1,1
BRDA:36,1,0,0
BRDA:36,1,1,1
BRDA:36,2,0,1
BRDA:36,2,1,1
BRDA:53,3,0,0
BRDA:53,3,1,1
BRDA:79,4,0,1
BRDA:79,4,1,0
BRDA:100,5,0,2
BRDA:100,5,1,0
BRDA:106,6,0,2
BRDA:106,6,1,0
BRDA:110,7,0,1
BRDA:110,7,1,1
BRDA:110,8,0,0
BRDA:110,8,1,2
BRDA:110,9,0,2
BRDA:110,9,1,2
BRDA:127,10,0,0
BRDA:127,10,1,1
BRDA:127,11,0,1
BRDA:127,11,1,1
BRDA:133,12,0,0
BRDA:133,12,1,1
BRDA:133,13,0,1
BRDA:133,13,1,1
BRDA:133,14,0,0
BRDA:133,14,1,1
BRDA:133,15,0,1
BRDA:133,15,1,1
BRDA:143,16,0,1
BRDA:143,16,1,0
BRDA:143,17,0,1
BRDA:143,17,1,1
BRDA:144,18,0,1
BRDA:144,18,1,0
BRDA:144,19,0,1
BRDA:144,19,1,1
BRF:40
BRH:28
end_of_record
TN:
SF:controllers/review.ts
FN:8,(anonymous_8)
FN:8,(anonymous_9)
FN:42,(anonymous_10)
FN:42,(anonymous_11)
FN:58,(anonymous_12)
FN:58,(anonymous_13)
FN:64,(anonymous_14)
FN:64,(anonymous_15)
FNF:8
FNH:6
FNDA:2,(anonymous_8)
FNDA:2,(anonymous_9)
FNDA:1,(anonymous_10)
FNDA:1,(anonymous_11)
FNDA:0,(anonymous_12)
FNDA:0,(anonymous_13)
FNDA:3,(anonymous_14)
FNDA:3,(anonymous_15)
DA:1,1
DA:2,1
DA:3,1
DA:4,1
DA:7,1
DA:8,2
DA:9,2
DA:11,2
DA:12,0
DA:15,2
DA:20,2
DA:21,1
DA:26,1
DA:28,1
DA:34,1
DA:37,1
DA:42,1
DA:43,1
DA:45,1
DA:46,0
DA:49,1
DA:53,1
DA:55,1
DA:58,1
DA:59,0
DA:60,0
DA:63,1
DA:64,3
DA:65,3
DA:71,3
LF:30
LH:26
BRDA:11,0,0,0
BRDA:11,0,1,2
BRDA:20,1,0,1
BRDA:20,1,1,1
BRDA:22,2,0,0
BRDA:22,2,1,1
BRDA:22,3,0,1
BRDA:22,3,1,1
BRDA:35,4,0,0
BRDA:35,4,1,1
BRDA:35,5,0,1
BRDA:35,5,1,1
BRDA:45,6,0,0
BRDA:45,6,1,1
BRF:14
BRH:10
end_of_record
TN:
SF:controllers/room.ts
FN:9,(anonymous_8)
FN:9,(anonymous_9)
FN:27,(anonymous_10)
FN:27,(anonymous_11)
FN:32,(anonymous_12)
FN:32,(anonymous_13)
FN:42,(anonymous_14)
FN:52,(anonymous_15)
FN:62,(anonymous_16)
FN:62,(anonymous_17)
FN:78,(anonymous_18)
FN:78,(anonymous_19)
FN:101,(anonymous_20)
FN:114,(anonymous_21)
FN:114,(anonymous_22)
FN:138,(anonymous_23)
FN:138,(anonymous_24)
FN:146,(anonymous_25)
FN:146,(anonymous_26)
FNF:19
FNH:17
FNDA:1,(anonymous_8)
FNDA:1,(anonymous_9)
FNDA:0,(anonymous_10)
FNDA:0,(anonymous_11)
FNDA:2,(anonymous_12)
FNDA:2,(anonymous_13)
FNDA:2,(anonymous_14)
FNDA:1,(anonymous_15)
FNDA:1,(anonymous_16)
FNDA:1,(anonymous_17)
FNDA:1,(anonymous_18)
FNDA:1,(anonymous_19)
FNDA:1,(anonymous_20)
FNDA:1,(anonymous_21)
FNDA:1,(anonymous_22)
FNDA:1,(anonymous_23)
FNDA:1,(anonymous_24)
FNDA:2,(anonymous_25)
FNDA:2,(anonymous_26)
DA:1,1
DA:2,1
DA:3,1
DA:5,1
DA:6,1
DA:8,1
DA:9,1
DA:10,1
DA:11,1
DA:13,1
DA:14,1
DA:16,1
DA:17,1
DA:19,1
DA:20,0
DA:23,1
DA:27,1
DA:28,0
DA:29,0
DA:32,2
DA:33,2
DA:35,2
DA:36,2
DA:40,2
DA:43,2
DA:49,1
DA:51,1
DA:52,1
DA:53,1
DA:56,1
DA:58,1
DA:62,1
DA:63,1
DA:71,1
DA:72,1
DA:74,0
DA:77,1
DA:78,1
DA:79,1
DA:81,1
DA:82,0
DA:85,1
DA:87,1
DA:88,1
DA:94,1
DA:101,1
DA:109,1
DA:113,1
DA:114,1
DA:115,1
DA:117,1
DA:118,0
DA:121,1
DA:122,1
DA:123,1
DA:131,1
DA:133,0
DA:138,1
DA:139,1
DA:141,1
DA:142,0
DA:145,1
DA:146,2
DA:147,2
DA:151,1
DA:152,1
LF:66
LH:58
BRDA:19,0,0,0
BRDA:19,0,1,1
BRDA:51,1,0,1
BRDA:51,1,1,0
BRDA:71,2,0,1
BRDA:71,2,1,0
BRDA:81,3,0,0
BRDA:81,3,1,1
BRDA:87,4,0,1
BRDA:87,4,1,0
BRDA:87,5,0,0
BRDA:87,5,1,1
BRDA:87,6,0,1
BRDA:87,6,1,1
BRDA:98,7,0,1
BRDA:98,7,1,0
BRDA:117,8,0,0
BRDA:117,8,1,1
BRDA:122,9,0,1
BRDA:122,9,1,0
BRDA:141,10,0,0
BRDA:141,10,1,1
BRDA:145,11,0,1
BRDA:145,11,1,0
BRDA:145,12,0,0
BRDA:145,12,1,1
BRDA:145,13,0,1
BRDA:145,13,1,1
BRDA:145,14,0,0
BRDA:145,14,1,1
BRDA:145,15,0,1
BRDA:145,15,1,1
BRDA:146,16,0,0
BRDA:146,16,1,1
BRDA:146,17,0,1
BRDA:146,17,1,1
BRF:36
BRH:22
end_of_record
TN:
SF:controllers/user.ts
FN:12,(anonymous_8)
FN:12,(anonymous_9)
FN:25,(anonymous_10)
FN:25,(anonymous_11)
FN:52,(anonymous_12)
FN:52,(anonymous_13)
FN:77,(anonymous_14)
FN:77,(anonymous_15)
FN:90,(anonymous_16)
FN:90,(anonymous_17)
FN:95,(anonymous_18)
FN:95,(anonymous_19)
FN:106,(anonymous_20)
FN:106,(anonymous_21)
FN:126,(anonymous_22)
FN:133,(anonymous_23)
FN:168,(anonymous_24)
FN:168,(anonymous_25)
FN:179,(anonymous_26)
FN:179,(anonymous_27)
FN:199,ensureReferralCodesForMembers
FN:205,(anonymous_30)
FN:208,(anonymous_31)
FN:208,(anonymous_32)
FN:241,(anonymous_33)
FN:241,(anonymous_34)
FNF:26
FNH:24
FNDA:2,(anonymous_8)
FNDA:2,(anonymous_9)
FNDA:2,(anonymous_10)
FNDA:2,(anonymous_11)
FNDA:1,(anonymous_12)
FNDA:1,(anonymous_13)
FNDA:1,(anonymous_14)
FNDA:1,(anonymous_15)
FNDA:1,(anonymous_16)
FNDA:1,(anonymous_17)
FNDA:1,(anonymous_18)
FNDA:1,(anonymous_19)
FNDA:1,(anonymous_20)
FNDA:1,(anonymous_21)
FNDA:0,(anonymous_22)
FNDA:0,(anonymous_23)
FNDA:1,(anonymous_24)
FNDA:1,(anonymous_25)
FNDA:1,(anonymous_26)
FNDA:1,(anonymous_27)
FNDA:1,ensureReferralCodesForMembers
FNDA:1,(anonymous_30)
FNDA:1,(anonymous_31)
FNDA:1,(anonymous_32)
FNDA:1,(anonymous_33)
FNDA:1,(anonymous_34)
DA:1,1
DA:3,1
DA:4,1
DA:5,1
DA:7,1
DA:8,1
DA:9,1
DA:10,1
DA:12,2
DA:13,2
DA:15,2
DA:17,2
DA:18,1
DA:21,1
DA:24,1
DA:25,2
DA:26,2
DA:28,2
DA:29,0
DA:32,2
DA:34,2
DA:35,1
DA:38,1
DA:42,1
DA:47,1
DA:51,1
DA:52,1
DA:53,1
DA:55,1
DA:56,0
DA:59,1
DA:61,1
DA:62,1
DA:65,1
DA:72,1
DA:76,1
DA:77,1
DA:78,1
DA:80,1
DA:81,0
DA:84,1
DA:86,1
DA:90,1
DA:91,1
DA:92,1
DA:95,1
DA:96,1
DA:97,1
DA:98,0
DA:100,1
DA:101,1
DA:103,1
DA:106,1
DA:107,1
DA:109,1
DA:110,0
DA:113,1
DA:119,1
DA:125,1
DA:133,0
DA:134,0
DA:136,0
DA:137,0
DA:140,0
DA:141,0
DA:143,0
DA:144,0
DA:146,0
DA:147,0
DA:148,0
DA:150,0
DA:151,0
DA:154,0
DA:155,0
DA:156,0
DA:159,0
DA:163,0
DA:164,0
DA:168,1
DA:169,1
DA:171,1
DA:172,0
DA:175,1
DA:178,1
DA:179,1
DA:180,1
DA:182,1
DA:183,0
DA:185,1
DA:186,1
DA:188,1
DA:189,0
DA:192,1
DA:193,1
DA:195,1
DA:200,1
DA:205,1
DA:208,1
DA:209,1
DA:211,1
DA:212,0
DA:215,1
DA:216,1
DA:218,1
DA:220,1
DA:222,1
DA:223,1
DA:229,0
DA:230,0
DA:232,0
DA:234,0
DA:237,1
DA:240,1
DA:241,1
DA:242,1
DA:244,1
DA:249,1
DA:250,0
DA:253,1
DA:254,0
DA:257,1
DA:258,1
DA:259,1
DA:260,1
DA:262,1
LF:125
LH:91
BRDA:17,0,0,1
BRDA:17,0,1,1
BRDA:28,1,0,0
BRDA:28,1,1,2
BRDA:34,2,0,1
BRDA:34,2,1,1
BRDA:55,3,0,0
BRDA:55,3,1,1
BRDA:61,4,0,1
BRDA:61,4,1,0
BRDA:61,5,0,0
BRDA:61,5,1,1
BRDA:61,6,0,1
BRDA:61,6,1,1
BRDA:62,7,0,0
BRDA:62,7,1,1
BRDA:62,8,0,1
BRDA:62,8,1,1
BRDA:80,9,0,0
BRDA:80,9,1,1
BRDA:97,10,0,0
BRDA:97,10,1,1
BRDA:100,11,0,1
BRDA:100,11,1,0
BRDA:100,12,0,1
BRDA:100,12,1,1
BRDA:109,13,0,0
BRDA:109,13,1,1
BRDA:121,14,0,1
BRDA:121,14,1,0
BRDA:121,15,0,1
BRDA:121,15,1,1
BRDA:121,16,0,0
BRDA:121,16,1,1
BRDA:121,17,0,1
BRDA:121,17,1,1
BRDA:136,18,0,0
BRDA:136,18,1,0
BRDA:140,19,0,0
BRDA:140,19,1,0
BRDA:143,20,0,0
BRDA:143,20,1,0
BRDA:146,21,0,0
BRDA:146,21,1,0
BRDA:147,22,0,0
BRDA:147,22,1,0
BRDA:154,23,0,0
BRDA:154,23,1,0
BRDA:155,24,0,0
BRDA:155,24,1,0
BRDA:160,25,0,0
BRDA:160,25,1,0
BRDA:160,26,0,0
BRDA:160,26,1,0
BRDA:171,27,0,0
BRDA:171,27,1,1
BRDA:182,28,0,0
BRDA:182,28,1,1
BRDA:188,29,0,0
BRDA:188,29,1,1
BRDA:211,30,0,0
BRDA:211,30,1,1
BRDA:234,31,0,0
BRDA:234,31,1,0
BRDA:234,32,0,0
BRDA:234,32,1,0
BRDA:249,33,0,0
BRDA:249,33,1,1
BRDA:253,34,0,0
BRDA:253,34,1,1
BRF:70
BRH:31
end_of_record
TN:
SF:graphql/resolvers/booking.ts
FN:18,(anonymous_7)
FN:23,(anonymous_8)
FN:29,(anonymous_9)
FN:33,(anonymous_10)
FN:34,(anonymous_11)
FN:34,(anonymous_12)
FN:36,(anonymous_13)
FN:40,(anonymous_14)
FN:41,(anonymous_15)
FN:41,(anonymous_16)
FN:42,(anonymous_17)
FN:45,(anonymous_18)
FN:48,(anonymous_19)
FN:52,(anonymous_20)
FN:53,(anonymous_21)
FN:60,(anonymous_22)
FN:61,(anonymous_23)
FN:65,(anonymous_24)
FNF:18
FNH:18
FNDA:1,(anonymous_7)
FNDA:1,(anonymous_8)
FNDA:1,(anonymous_9)
FNDA:1,(anonymous_10)
FNDA:1,(anonymous_11)
FNDA:1,(anonymous_12)
FNDA:1,(anonymous_13)
FNDA:1,(anonymous_14)
FNDA:1,(anonymous_15)
FNDA:1,(anonymous_16)
FNDA:1,(anonymous_17)
FNDA:1,(anonymous_18)
FNDA:1,(anonymous_19)
FNDA:1,(anonymous_20)
FNDA:1,(anonymous_21)
FNDA:1,(anonymous_22)
FNDA:1,(anonymous_23)
FNDA:1,(anonymous_24)
DA:1,1
DA:2,1
DA:15,1
DA:19,1
DA:24,1
DA:33,1
DA:34,1
DA:35,1
DA:40,1
DA:41,1
DA:45,1
DA:52,1
DA:60,1
DA:65,1
LF:14
LH:14
BRF:0
BRH:0
end_of_record
TN:
SF:graphql/resolvers/buffet.ts
FN:24,(anonymous_7)
FN:24,(anonymous_8)
FN:26,(anonymous_9)
FN:26,(anonymous_10)
FN:39,(anonymous_11)
FN:39,(anonymous_12)
FN:48,(anonymous_13)
FN:48,(anonymous_14)
FN:49,(anonymous_15)
FN:49,(anonymous_16)
FN:51,(anonymous_17)
FN:51,(anonymous_18)
FN:52,(anonymous_19)
FN:52,(anonymous_20)
FN:53,(anonymous_21)
FN:56,(anonymous_22)
FN:57,(anonymous_23)
FN:57,(anonymous_24)
FN:58,(anonymous_25)
FN:62,(anonymous_26)
FN:63,(anonymous_27)
FN:67,(anonymous_28)
FN:70,(anonymous_29)
FN:73,(anonymous_30)
FN:74,(anonymous_31)
FN:80,(anonymous_32)
FN:81,(anonymous_33)
FN:84,(anonymous_34)
FN:85,(anonymous_35)
FN:89,(anonymous_36)
FN:90,(anonymous_37)
FN:97,(anonymous_38)
FN:98,(anonymous_39)
FN:102,(anonymous_40)
FNF:34
FNH:32
FNDA:1,(anonymous_7)
FNDA:1,(anonymous_8)
FNDA:3,(anonymous_9)
FNDA:3,(anonymous_10)
FNDA:1,(anonymous_11)
FNDA:1,(anonymous_12)
FNDA:1,(anonymous_13)
FNDA:1,(anonymous_14)
FNDA:1,(anonymous_15)
FNDA:1,(anonymous_16)
FNDA:1,(anonymous_17)
FNDA:1,(anonymous_18)
FNDA:1,(anonymous_19)
FNDA:1,(anonymous_20)
FNDA:1,(anonymous_21)
FNDA:1,(anonymous_22)
FNDA:1,(anonymous_23)
FNDA:1,(anonymous_24)
FNDA:1,(anonymous_25)
FNDA:1,(anonymous_26)
FNDA:1,(anonymous_27)
FNDA:1,(anonymous_28)
FNDA:1,(anonymous_29)
FNDA:1,(anonymous_30)
FNDA:1,(anonymous_31)
FNDA:1,(anonymous_32)
FNDA:0,(anonymous_33)
FNDA:0,(anonymous_34)
FNDA:1,(anonymous_35)
FNDA:1,(anonymous_36)
FNDA:1,(anonymous_37)
FNDA:1,(anonymous_38)
FNDA:1,(anonymous_39)
FNDA:1,(anonymous_40)
DA:1,1
DA:18,1
DA:19,1
DA:22,1
DA:24,1
DA:25,1
DA:26,3
DA:27,3
DA:28,1
DA:31,2
DA:32,1
DA:35,1
DA:39,1
DA:40,1
DA:41,0
DA:44,1
DA:48,1
DA:49,1
DA:50,1
DA:51,1
DA:52,1
DA:56,1
DA:57,1
DA:62,1
DA:67,1
DA:73,1
DA:80,1
DA:84,0
DA:89,1
DA:97,1
DA:102,1
LF:31
LH:29
BRDA:27,0,0,1
BRDA:27,0,1,2
BRDA:31,1,0,1
BRDA:31,1,1,1
BRDA:31,2,0,0
BRDA:31,2,1,2
BRDA:31,3,0,2
BRDA:31,3,1,2
BRDA:40,4,0,0
BRDA:40,4,1,1
BRDA:40,5,0,0
BRDA:40,5,1,1
BRDA:40,6,0,1
BRDA:40,6,1,1
BRF:14
BRH:11
end_of_record
TN:
SF:graphql/resolvers/membershipTier.ts
FN:12,(anonymous_7)
FN:14,(anonymous_8)
FN:22,(anonymous_9)
FN:22,(anonymous_10)
FN:26,(anonymous_11)
FN:29,(anonymous_12)
FN:38,(anonymous_13)
FN:41,(anonymous_14)
FN:58,(anonymous_15)
FN:67,(anonymous_16)
FN:84,(anonymous_17)
FN:87,(anonymous_18)
FNF:12
FNH:12
FNDA:2,(anonymous_7)
FNDA:2,(anonymous_8)
FNDA:1,(anonymous_9)
FNDA:1,(anonymous_10)
FNDA:1,(anonymous_11)
FNDA:1,(anonymous_12)
FNDA:1,(anonymous_13)
FNDA:1,(anonymous_14)
FNDA:1,(anonymous_15)
FNDA:1,(anonymous_16)
FNDA:1,(anonymous_17)
FNDA:1,(anonymous_18)
DA:1,1
DA:12,2
DA:14,1
DA:15,2
DA:16,0
DA:20,1
DA:22,1
DA:23,1
DA:24,1
DA:29,1
DA:30,1
DA:31,1
DA:32,0
DA:34,1
DA:41,1
DA:42,1
DA:43,1
DA:45,1
DA:46,1
DA:47,0
DA:50,1
DA:56,1
DA:67,1
DA:68,1
DA:69,1
DA:70,0
DA:73,1
DA:74,1
DA:75,1
DA:76,1
DA:79,1
DA:80,1
DA:82,1
DA:87,1
DA:88,1
DA:91,1
DA:92,0
DA:94,1
LF:38
LH:33
BRDA:15,0,0,0
BRDA:15,0,1,2
BRDA:31,1,0,0
BRDA:31,1,1,1
BRDA:46,2,0,0
BRDA:46,2,1,1
BRDA:53,3,0,0
BRDA:53,3,1,1
BRDA:53,4,0,1
BRDA:53,4,1,1
BRDA:69,5,0,0
BRDA:69,5,1,1
BRDA:73,6,0,1
BRDA:73,6,1,0
BRDA:91,7,0,0
BRDA:91,7,1,1
BRF:16
BRH:9
end_of_record
TN:
SF:graphql/resolvers/payment.ts
FN:8,(anonymous_7)
FN:11,(anonymous_8)
FN:12,(anonymous_9)
FN:15,(anonymous_10)
FNF:4
FNH:4
FNDA:1,(anonymous_7)
FNDA:1,(anonymous_8)
FNDA:1,(anonymous_9)
FNDA:1,(anonymous_10)
DA:1,1
DA:6,1
DA:11,1
DA:15,1
LF:4
LH:4
BRF:0
BRH:0
end_of_record
TN:
SF:graphql/resolvers/promotion.ts
FN:5,(anonymous_7)
FN:5,(anonymous_8)
FN:8,(anonymous_9)
FN:11,(anonymous_10)
FN:20,(anonymous_11)
FN:23,(anonymous_12)
FN:42,(anonymous_13)
FN:48,(anonymous_14)
FN:70,(anonymous_15)
FN:73,(anonymous_16)
FNF:10
FNH:10
FNDA:1,(anonymous_7)
FNDA:1,(anonymous_8)
FNDA:1,(anonymous_9)
FNDA:1,(anonymous_10)
FNDA:1,(anonymous_11)
FNDA:1,(anonymous_12)
FNDA:1,(anonymous_13)
FNDA:1,(anonymous_14)
FNDA:1,(anonymous_15)
FNDA:1,(anonymous_16)
DA:1,1
DA:3,1
DA:5,1
DA:6,1
DA:11,1
DA:12,1
DA:13,1
DA:14,0
DA:16,1
DA:23,1
DA:24,1
DA:25,1
DA:27,1
DA:28,0
DA:31,1
DA:40,1
DA:48,1
DA:49,1
DA:50,1
DA:51,0
DA:54,1
DA:55,1
DA:58,1
DA:59,1
DA:61,1
DA:62,0
DA:65,1
DA:66,1
DA:68,1
DA:73,1
DA:74,1
DA:75,1
DA:76,0
DA:78,1
LF:34
LH:29
BRDA:13,0,0,0
BRDA:13,0,1,1
BRDA:27,1,0,0
BRDA:27,1,1,1
BRDA:34,2,0,0
BRDA:34,2,1,1
BRDA:34,3,0,1
BRDA:34,3,1,1
BRDA:50,4,0,0
BRDA:50,4,1,1
BRDA:54,5,0,1
BRDA:54,5,1,0
BRDA:58,6,0,1
BRDA:58,6,1,0
BRDA:61,7,0,0
BRDA:61,7,1,1
BRDA:75,8,0,0
BRDA:75,8,1,1
BRF:18
BRH:10
end_of_record
TN:
SF:graphql/resolvers/review.ts
FN:7,(anonymous_7)
FN:7,(anonymous_8)
FN:8,(anonymous_9)
FN:12,(anonymous_10)
FN:15,(anonymous_11)
FN:15,(anonymous_12)
FN:17,(anonymous_13)
FN:21,(anonymous_14)
FNF:8
FNH:8
FNDA:1,(anonymous_7)
FNDA:1,(anonymous_8)
FNDA:1,(anonymous_9)
FNDA:1,(anonymous_10)
FNDA:1,(anonymous_11)
FNDA:1,(anonymous_12)
FNDA:1,(anonymous_13)
FNDA:1,(anonymous_14)
DA:1,1
DA:5,1
DA:7,1
DA:12,1
DA:15,1
DA:16,1
DA:21,1
LF:7
LH:7
BRDA:12,0,0,0
BRDA:12,0,1,1
BRDA:12,1,0,1
BRDA:12,1,1,1
BRDA:21,2,0,0
BRDA:21,2,1,1
BRDA:21,3,0,1
BRDA:21,3,1,1
BRF:8
BRH:6
end_of_record
TN:
SF:graphql/resolvers/room.ts
FN:13,(anonymous_7)
FN:20,(anonymous_8)
FN:21,(anonymous_9)
FN:21,(anonymous_10)
FN:25,(anonymous_11)
FN:25,(anonymous_12)
FN:27,(anonymous_13)
FN:30,(anonymous_14)
FN:31,(anonymous_15)
FN:31,(anonymous_16)
FN:33,(anonymous_17)
FN:36,(anonymous_18)
FN:39,(anonymous_19)
FNF:13
FNH:13
FNDA:1,(anonymous_7)
FNDA:1,(anonymous_8)
FNDA:1,(anonymous_9)
FNDA:1,(anonymous_10)
FNDA:1,(anonymous_11)
FNDA:1,(anonymous_12)
FNDA:1,(anonymous_13)
FNDA:1,(anonymous_14)
FNDA:1,(anonymous_15)
FNDA:1,(anonymous_16)
FNDA:1,(anonymous_17)
FNDA:1,(anonymous_18)
FNDA:1,(anonymous_19)
DA:1,1
DA:11,1
DA:20,1
DA:21,1
DA:22,1
DA:25,1
DA:26,1
DA:30,1
DA:31,1
DA:32,1
DA:36,1
DA:40,1
DA:41,1
DA:43,1
LF:14
LH:14
BRDA:40,0,0,0
BRDA:40,0,1,1
BRDA:40,1,0,1
BRDA:40,1,1,1
BRDA:41,2,0,0
BRDA:41,2,1,1
BRDA:41,3,0,1
BRDA:41,3,1,1
BRDA:44,4,0,0
BRDA:44,4,1,1
BRDA:45,5,0,0
BRDA:45,5,1,1
BRF:12
BRH:8
end_of_record
TN:
SF:graphql/resolvers/user.ts
FN:20,(anonymous_7)
FN:20,(anonymous_8)
FN:26,(anonymous_9)
FN:26,(anonymous_10)
FN:30,(anonymous_11)
FN:30,(anonymous_12)
FN:31,(anonymous_13)
FN:31,(anonymous_14)
FN:33,(anonymous_15)
FN:33,(anonymous_16)
FN:37,(anonymous_17)
FN:52,(anonymous_18)
FN:59,(anonymous_19)
FN:59,(anonymous_20)
FN:61,(anonymous_21)
FN:68,(anonymous_22)
FN:69,(anonymous_23)
FN:73,(anonymous_24)
FN:74,(anonymous_25)
FN:78,(anonymous_26)
FN:79,(anonymous_27)
FN:83,(anonymous_28)
FN:84,(anonymous_29)
FN:91,(anonymous_30)
FN:92,(anonymous_31)
FN:92,(anonymous_32)
FN:95,(anonymous_33)
FN:102,(anonymous_34)
FNF:28
FNH:28
FNDA:1,(anonymous_7)
FNDA:1,(anonymous_8)
FNDA:1,(anonymous_9)
FNDA:1,(anonymous_10)
FNDA:1,(anonymous_11)
FNDA:1,(anonymous_12)
FNDA:1,(anonymous_13)
FNDA:1,(anonymous_14)
FNDA:1,(anonymous_15)
FNDA:1,(anonymous_16)
FNDA:1,(anonymous_17)
FNDA:1,(anonymous_18)
FNDA:1,(anonymous_19)
FNDA:1,(anonymous_20)
FNDA:1,(anonymous_21)
FNDA:1,(anonymous_22)
FNDA:1,(anonymous_23)
FNDA:1,(anonymous_24)
FNDA:1,(anonymous_25)
FNDA:1,(anonymous_26)
FNDA:1,(anonymous_27)
FNDA:1,(anonymous_28)
FNDA:1,(anonymous_29)
FNDA:1,(anonymous_30)
FNDA:1,(anonymous_31)
FNDA:1,(anonymous_32)
FNDA:1,(anonymous_33)
FNDA:1,(anonymous_34)
DA:2,1
DA:18,1
DA:20,1
DA:21,1
DA:22,1
DA:24,1
DA:26,1
DA:27,1
DA:28,1
DA:30,1
DA:31,1
DA:32,1
DA:33,1
DA:34,1
DA:52,1
DA:53,1
DA:59,1
DA:60,1
DA:68,1
DA:73,1
DA:78,1
DA:83,1
DA:91,1
DA:92,1
DA:93,1
DA:102,1
DA:103,1
LF:27
LH:27
BRDA:21,0,0,1
BRDA:21,0,1,0
BRDA:21,1,0,1
BRDA:21,1,1,1
BRDA:21,2,0,0
BRDA:21,2,1,1
BRDA:21,3,0,1
BRDA:21,3,1,1
BRF:8
BRH:6
end_of_record
TN:
SF:middlewares/errorHandler.ts
FN:1,(anonymous_0)
FN:2,(anonymous_1)
FN:3,(anonymous_2)
FN:13,(anonymous_3)
FNF:4
FNH:4
FNDA:51,(anonymous_0)
FNDA:50,(anonymous_1)
FNDA:11,(anonymous_2)
FNDA:2,(anonymous_3)
DA:1,7
DA:2,51
DA:3,50
DA:4,11
DA:6,11
DA:7,1
DA:8,1
DA:11,10
DA:12,1
DA:13,2
DA:15,1
DA:18,9
DA:19,0
DA:20,0
DA:21,0
DA:24,9
LF:16
LH:13
BRDA:6,0,0,1
BRDA:6,0,1,10
BRDA:11,1,0,1
BRDA:11,1,1,9
BRDA:18,2,0,0
BRDA:18,2,1,9
BRF:6
BRH:5
end_of_record
TN:
SF:middlewares/permissions.ts
FN:3,(anonymous_7)
FN:7,(anonymous_8)
FN:11,(anonymous_9)
FN:11,(anonymous_10)
FNF:4
FNH:0
FNDA:0,(anonymous_7)
FNDA:0,(anonymous_8)
FNDA:0,(anonymous_9)
FNDA:0,(anonymous_10)
DA:1,0
DA:3,0
DA:7,0
DA:8,0
DA:11,0
DA:12,0
DA:15,0
LF:7
LH:0
BRDA:8,0,0,0
BRDA:8,0,1,0
BRDA:8,1,0,0
BRDA:8,1,1,0
BRDA:12,2,0,0
BRDA:12,2,1,0
BRDA:12,3,0,0
BRDA:12,3,1,0
BRDA:12,4,0,0
BRDA:12,4,1,0
BRDA:12,5,0,0
BRDA:12,5,1,0
BRF:12
BRH:0
end_of_record
TN:
SF:utils/apiFilters.ts
FN:5,(anonymous_1)
FN:9,(anonymous_2)
FN:31,(anonymous_3)
FN:36,(anonymous_4)
FN:43,(anonymous_5)
FN:51,(anonymous_6)
FN:56,(anonymous_7)
FNF:7
FNH:7
FNDA:2,(anonymous_1)
FNDA:2,(anonymous_2)
FNDA:2,(anonymous_3)
FNDA:2,(anonymous_4)
FNDA:2,(anonymous_5)
FNDA:1,(anonymous_6)
FNDA:1,(anonymous_7)
DA:1,2
DA:6,2
DA:10,2
DA:14,2
DA:21,2
DA:27,2
DA:28,2
DA:32,2
DA:33,2
DA:34,2
DA:36,2
DA:39,2
DA:40,2
DA:44,2
DA:45,2
DA:47,2
DA:48,2
DA:52,1
DA:53,1
DA:57,1
DA:58,1
DA:62,2
LF:22
LH:22
BRDA:21,0,0,2
BRDA:21,0,1,0
BRDA:22,1,0,0
BRDA:22,1,1,2
BRDA:44,2,0,2
BRDA:44,2,1,0
BRF:6
BRH:3
end_of_record
TN:
SF:utils/cloudinary.ts
FN:12,(anonymous_8)
FN:12,(anonymous_9)
FN:23,(anonymous_10)
FN:26,(anonymous_11)
FN:27,(anonymous_12)
FN:32,(anonymous_13)
FN:32,(anonymous_14)
FNF:7
FNH:0
FNDA:0,(anonymous_8)
FNDA:0,(anonymous_9)
FNDA:0,(anonymous_10)
FNDA:0,(anonymous_11)
FNDA:0,(anonymous_12)
FNDA:0,(anonymous_13)
FNDA:0,(anonymous_14)
DA:1,0
DA:2,0
DA:4,0
DA:6,0
DA:12,0
DA:13,0
DA:17,0
DA:23,0
DA:26,0
DA:27,0
DA:29,0
DA:32,0
DA:33,0
DA:35,0
LF:14
LH:0
BRDA:35,0,0,0
BRDA:35,0,1,0
BRDA:35,1,0,0
BRDA:35,1,1,0
BRF:4
BRH:0
end_of_record
TN:
SF:utils/forget-password-email.ts
FN:1,(anonymous_0)
FNF:1
FNH:1
FNDA:1,(anonymous_0)
DA:1,1
DA:3,1
LF:2
LH:2
BRF:0
BRH:0
end_of_record
TN:
SF:utils/not-found.ts
FN:3,(anonymous_0)
FNF:1
FNH:1
FNDA:1,(anonymous_0)
DA:1,3
DA:2,3
DA:4,1
LF:3
LH:3
BRF:0
BRH:0
end_of_record
TN:
SF:utils/sendEmail.ts
FN:9,(anonymous_8)
FN:9,(anonymous_9)
FNF:2
FNH:0
FNDA:0,(anonymous_8)
FNDA:0,(anonymous_9)
DA:1,0
DA:9,0
DA:10,0
DA:19,0
DA:26,0
LF:5
LH:0
BRF:0
BRH:0
end_of_record
